f04-032-s00-00
f04-032-s00-01
f04-032-s00-02
f04-032-s00-03
f04-032-s00-04
f04-032-s01-00
f04-032-s01-01
f04-032-s01-02
f04-032-s01-03
f04-032-s01-04
f04-032-s01-05
f04-035-s00-00
f04-035-s00-01
f04-035-s01-00
f04-035-s01-01
f04-035-s01-02
f04-035-s02-00
f04-035-s02-01
f04-035-s02-02
f04-039-s00-00
f04-039-s00-01
f04-039-s00-02
f04-039-s00-03
f04-039-s01-00
f04-039-s01-01
f04-039-s01-02
f04-039-s02-00
f04-039-s02-01
f04-039-s02-02
f04-039-s02-03
f04-043-s00-00
f04-043-s00-01
f04-043-s01-00
f04-043-s01-01
f04-043-s01-02
f04-043-s01-03
f04-043-s01-04
f04-043-s01-05
f04-046-s00-00
f04-046-s00-01
f04-046-s00-02
f04-046-s00-03
f04-046-s00-04
f04-046-s01-00
f04-046-s01-01
f04-049-s00-00
f04-049-s00-01
f04-049-s01-00
f04-049-s01-01
f04-049-s01-02
f04-049-s01-03
f04-049-s02-00
f04-049-s02-01
f04-049-s02-02
f04-053-s00-00
f04-053-s00-01
f04-053-s00-02
f04-053-s00-03
f04-053-s01-00
f04-053-s01-01
f04-053-s02-00
f04-053-s02-01
f04-053-s02-02
f04-057-s00-00
f04-057-s00-01
f04-057-s00-02
f04-057-s00-03
f04-057-s01-00
f04-057-s01-01
f04-057-s02-00
f04-057-s02-01
f04-057-s02-02
f04-057-s02-03
f04-057-s02-04
f04-057-s02-05
f04-061-s00-00
f04-061-s00-01
f04-061-s00-02
f04-061-s01-00
f04-061-s01-01
f04-061-s01-02
f04-061-s01-03
f04-061-s01-04
f04-061-s01-05
f04-064-s00-00
f04-064-s00-01
f04-064-s01-00
f04-064-s01-01
f04-064-s01-02
f04-064-s01-03
f04-064-s01-04
f04-064-s01-05
f04-064-s02-00
f04-064-s02-01
f04-064-s02-02
f04-068-s00-00
f04-068-s00-01
f04-068-s00-02
f04-068-s00-03
f04-068-s01-00
f04-068-s01-01
f04-068-s01-02
f04-068-s01-03
f04-071-s00-00
f04-071-s00-01
f04-071-s00-02
f04-071-s00-03
f04-071-s00-04
f04-071-s01-00
f04-071-s01-01
f04-071-s01-02
f04-071-s01-03
f04-071-s01-04
f04-074-s00-00
f04-074-s01-00
f04-074-s01-01
f04-074-s01-02
f04-074-s02-00
f04-074-s02-01
f04-074-s02-02
f04-074-s03-00
f04-074-s03-01
f04-074-s03-02
f04-074-s03-03
f04-074-s03-04
f04-074-s03-05
f04-079-s00-00
f04-079-s00-01
f04-079-s00-02
f04-079-s00-03
f04-079-s01-00
f04-079-s01-01
f04-079-s01-02
f04-079-s02-00
f04-079-s02-01
f04-079-s02-02
f04-079-s02-03
f04-079-s02-04
f04-079-s02-05
f04-083-s00-00
f04-083-s00-01
f04-083-s00-02
f04-083-s01-00
f04-083-s01-01
f04-083-s01-02
f04-083-s02-00
f04-083-s02-01
f04-083-s02-02
f04-083-s02-03
f04-087-s00-00
f04-087-s00-01
f04-087-s00-02
f04-087-s00-03
f04-087-s01-00
f04-087-s01-01
f04-087-s01-02
f07-000b-s00-00
f07-000b-s00-01
f07-000b-s00-02
f07-000b-s00-03
f07-000b-s00-04
f07-000b-s00-05
f07-000b-s00-06
f07-000-s00-00
f07-000-s00-01
f07-000-s00-02
f07-000-s00-03
f07-000-s00-04
f07-000-s00-05
f07-000-s00-06
f07-000-s00-07
f07-000-s00-08
f07-002-s00-00
f07-002-s01-00
f07-002-s01-01
f07-002-s01-02
f07-002-s02-00
f07-002-s02-01
f07-002-s02-02
f07-002-s02-03
f07-002-s02-04
f07-002-s02-05
f07-006-s00-00
f07-006-s00-01
f07-006-s00-02
f07-006-s01-00
f07-006-s01-01
f07-006-s01-02
f07-006-s01-03
f07-006-s01-04
f07-009-s00-00
f07-009-s00-01
f07-009-s00-02
f07-009-s01-00
f07-009-s01-01
f07-009-s01-02
f07-009-s02-00
f07-009-s02-01
f07-009-s02-02
f07-009-s02-03
f07-009-s02-04
f07-009-s02-05
f07-013-s00-00
f07-013-s00-01
f07-013-s00-02
f07-013-s00-03
f07-013-s00-04
f07-013-s01-00
f07-013-s01-01
f07-013-s01-02
f07-013-s01-03
f07-013-s01-04
f07-013-s01-05
f07-016-s00-00
f07-016-s00-01
f07-016-s00-02
f07-016-s00-03
f07-016-s00-04
f07-016-s00-05
f07-016-s00-06
f07-016-s01-00
f07-016-s01-01
f07-016-s01-02
f07-016-s01-03
f07-016-s01-04
f07-019a-s00-00
f07-019a-s00-01
f07-019a-s00-02
f07-019a-s00-03
f07-019a-s00-04
f07-019a-s00-05
f07-019a-s00-06
f07-019a-s00-07
f07-019a-s00-08
f07-019b-s00-00
f07-019b-s00-01
f07-019b-s00-02
f07-019b-s00-03
f07-019b-s00-04
f07-019b-s00-05
f07-019b-s00-06
f07-019b-s00-07
f07-019b-s00-08
f07-019b-s00-09
f07-019b-s00-10
f07-021a-s00-00
f07-021a-s00-01
f07-021a-s01-00
f07-021a-s01-01
f07-021a-s01-02
f07-021a-s01-03
f07-021a-s01-04
f07-021a-s01-05
f07-021a-s01-06
f07-021b-s00-00
f07-021b-s00-01
f07-021b-s01-00
f07-021b-s01-01
f07-021b-s01-02
f07-021b-s01-03
f07-021b-s01-04
f07-021b-s01-05
f07-021b-s01-06
f07-021b-s01-07
f07-021b-s01-08
f07-024a-s00-00
f07-024a-s00-01
f07-024a-s01-00
f07-024a-s01-01
f07-024a-s01-02
f07-024a-s02-00
f07-024a-s02-01
f07-024a-s02-02
f07-024a-s02-03
f07-024a-s02-04
f07-024b-s00-00
f07-024b-s00-01
f07-024b-s00-02
f07-024b-s01-00
f07-024b-s01-01
f07-024b-s01-02
f07-024b-s01-03
f07-024b-s02-00
f07-024b-s02-01
f07-024b-s02-02
f07-024b-s02-03
f07-024b-s02-04
f07-024b-s02-05
f07-028a-s00-00
f07-028a-s00-01
f07-028a-s00-02
f07-028a-s00-03
f07-028a-s01-00
f07-028a-s01-01
f07-028a-s01-02
f07-028a-s01-03
f07-028a-s02-00
f07-028a-s02-01
f07-028a-s02-02
f07-028a-s02-03
f07-028b-s00-00
f07-028b-s00-01
f07-028b-s00-02
f07-028b-s00-03
f07-028b-s00-04
f07-028b-s01-00
f07-028b-s01-01
f07-028b-s01-02
f07-028b-s01-03
f07-028b-s01-04
f07-028b-s02-00
f07-028b-s02-01
f07-028b-s02-02
f07-028b-s02-03
f07-032a-s00-00
f07-032a-s00-01
f07-032a-s00-02
f07-032a-s00-03
f07-032a-s00-04
f07-032a-s01-00
f07-032a-s01-01
f07-032a-s02-00
f07-032a-s02-01
f07-032a-s02-02
f07-032a-s02-03
f07-032a-s02-04
f07-032b-s00-00
f07-032b-s00-01
f07-032b-s00-02
f07-032b-s00-03
f07-032b-s00-04
f07-032b-s01-00
f07-032b-s01-01
f07-032b-s01-02
f07-032b-s02-00
f07-032b-s02-01
f07-032b-s02-02
f07-032b-s02-03
f07-032b-s02-04
f07-036-s00-00
f07-036-s00-01
f07-036-s00-02
f07-036-s00-03
f07-036-s00-04
f07-036-s01-00
f07-036-s01-01
f07-036-s01-02
f07-036-s01-03
f07-036-s01-04
f07-039a-s00-00
f07-039a-s00-01
f07-039a-s00-02
f07-039a-s01-00
f07-039a-s01-01
f07-039a-s01-02
f07-039a-s01-03
f07-039a-s01-04
f07-039b-s00-00
f07-039b-s00-01
f07-039b-s00-02
f07-039b-s00-03
f07-039b-s00-04
f07-039b-s00-05
f07-039b-s01-00
f07-039b-s01-01
f07-039b-s01-02
f07-039b-s01-03
f07-042a-s00-00
f07-042a-s00-01
f07-042a-s01-00
f07-042a-s01-01
f07-042a-s01-02
f07-042a-s02-00
f07-042a-s02-01
f07-042a-s02-02
f07-042a-s02-03
f07-042b-s00-00
f07-042b-s00-01
f07-042b-s01-00
f07-042b-s01-01
f07-042b-s01-02
f07-042b-s01-03
f07-042b-s02-00
f07-042b-s02-01
f07-042b-s02-02
f07-042b-s02-03
f07-046a-s00-00
f07-046a-s00-01
f07-046a-s00-02
f07-046a-s00-03
f07-046a-s00-04
f07-046a-s01-00
f07-046a-s01-01
f07-046a-s02-00
f07-046a-s02-01
f07-046a-s02-02
f07-046a-s02-03
f07-046a-s02-04
f07-046b-s00-00
f07-046b-s00-01
f07-046b-s00-02
f07-046b-s00-03
f07-046b-s01-00
f07-046b-s02-00
f07-046b-s02-01
f07-046b-s02-02
f07-046b-s02-03
f07-046b-s02-04
f07-069-s00-00
f07-069-s00-01
f07-069-s00-02
f07-069-s01-00
f07-069-s01-01
f07-069-s01-02
f07-069-s02-00
f07-069-s02-01
f07-069-s02-02
f07-069-s02-03
f07-073-s00-00
f07-073-s00-01
f07-073-s00-02
f07-073-s00-03
f07-073-s00-04
f07-073-s00-05
f07-073-s01-00
f07-073-s01-01
f07-073-s01-02
f07-073-s01-03
f07-073-s01-04
f07-076a-s00-00
f07-076a-s00-01
f07-076a-s00-02
f07-076a-s00-03
f07-076a-s01-00
f07-076a-s01-01
f07-076a-s02-00
f07-076a-s02-01
f07-076a-s02-02
f07-076a-s02-03
f07-076a-s02-04
f07-076a-s03-00
f07-076a-s03-01
f07-076a-s03-02
f07-081a-s00-00
f07-081a-s00-01
f07-081a-s00-02
f07-081a-s00-03
f07-081a-s01-00
f07-081a-s01-01
f07-081a-s01-02
f07-081a-s01-03
f07-081a-s01-04
f07-081a-s01-05
f07-081a-s01-06
f07-081b-s00-00
f07-081b-s00-01
f07-081b-s00-02
f07-081b-s01-00
f07-081b-s01-01
f07-081b-s01-02
f07-081b-s01-03
f07-081b-s01-04
f07-084a-s00-00
f07-084a-s00-01
f07-084a-s00-02
f07-084a-s00-03
f07-084a-s00-04
f07-084a-s01-00
f07-084a-s01-01
f07-084a-s01-02
f07-084a-s02-00
f07-084a-s02-01
f07-084a-s02-02
f07-084a-s02-03
f07-084a-s02-04
f07-084b-s00-00
f07-084b-s00-01
f07-084b-s00-02
f07-084b-s00-03
f07-084b-s01-00
f07-084b-s01-01
f07-084b-s02-00
f07-084b-s02-01
f07-084b-s02-02
f07-084b-s02-03
f07-084b-s02-04
f07-088a-s00-00
f07-088a-s00-01
f07-088a-s00-02
f07-088a-s00-03
f07-088a-s01-00
f07-088a-s01-01
f07-088a-s01-02
f07-088a-s01-03
f07-088a-s02-00
f07-088a-s02-01
f07-088a-s02-02
f07-088a-s02-03
f07-088b-s00-00
f07-088b-s00-01
f07-088b-s00-02
f07-088b-s01-00
f07-088b-s01-01
f07-088b-s01-02
f07-088b-s02-00
f07-088b-s02-01
f07-088b-s02-02
f07-092a-s00-00
f07-092a-s00-01
f07-092a-s01-00
f07-092a-s01-01
f07-092a-s01-02
f07-092a-s01-03
f07-092a-s02-00
f07-092a-s02-01
f07-092a-s02-02
f07-092a-s02-03
f07-092a-s02-04
f07-092b-s00-00
f07-092b-s01-00
f07-092b-s01-01
f07-092b-s01-02
f07-092b-s01-03
f07-092b-s02-00
f07-092b-s02-01
f07-092b-s02-02
f07-092b-s02-03
f07-096-s00-00
f07-096-s01-00
f07-096-s01-01
f07-096-s01-02
f07-096-s02-00
f07-096-s02-01
f07-096-s03-00
f07-096-s03-01
f07-096-s03-02
f07-096-s03-03
f07-101b-s00-00
f07-101b-s00-01
f07-101b-s00-02
f07-101b-s00-03
f07-101b-s00-04
g01-004-s00-00
g01-004-s00-01
g01-004-s00-02
g01-004-s00-03
g01-004-s01-00
g01-004-s02-00
g01-004-s02-01
g01-004-s02-02
g01-008-s00-00
g01-008-s00-01
g01-008-s00-02
g01-008-s01-00
g01-008-s01-01
g01-008-s01-02
g01-008-s01-03
g01-008-s02-00
g01-008-s02-01
g01-008-s02-02
g01-008-s02-03
g01-012-s00-00
g01-012-s00-01
g01-012-s00-02
g01-012-s01-00
g01-012-s01-01
g01-012-s02-00
g01-012-s02-01
g01-012-s02-02
g01-012-s02-03
g01-016-s00-00
g01-016-s00-01
g01-016-s00-02
g01-016-s01-00
g01-016-s01-01
g01-016-s01-02
g01-016-s01-03
g01-016-s01-04
g01-016-s01-05
g01-019-s00-00
g01-019-s00-01
g01-019-s00-02
g01-019-s00-03
g01-019-s00-04
g01-019-s01-00
g01-019-s01-01
g01-019-s01-02
g01-019-s01-03
g01-019-s01-04
g01-019-s01-05
g01-025-s00-00
g01-025-s00-01
g01-025-s00-02
g01-025-s00-03
g01-025-s00-04
g01-025-s00-05
g01-025-s00-06
g01-025-s00-07
g01-025-s00-08
g01-025-s00-09
g01-027-s00-00
g01-027-s00-01
g01-027-s00-02
g01-027-s01-00
g01-027-s01-01
g01-027-s01-02
g01-027-s01-03
g01-027-s02-00
g01-027-s02-01
g01-027-s02-02
g01-027-s02-03
g01-027-s02-04
g01-031-s00-00
g01-031-s00-01
g01-031-s00-02
g01-031-s00-03
g01-031-s00-04
g01-031-s00-05
g01-031-s01-00
g01-031-s01-01
g01-031-s01-02
g01-031-s01-03
g01-031-s01-04
g01-031-s01-05
g01-034-s00-00
g01-034-s00-01
g01-034-s00-02
g01-034-s00-03
g01-034-s00-04
g01-034-s00-05
g01-034-s00-06
g01-034-s01-00
g01-034-s01-01
g01-034-s01-02
g01-037-s00-00
g01-037-s00-01
g01-037-s00-02
g01-037-s00-03
g01-037-s00-04
g01-037-s00-05
g01-037-s00-06
g01-037-s00-07
g01-037-s00-08
g01-037-s00-09
g01-039-s00-00
g01-039-s00-01
g01-039-s01-00
g01-039-s01-01
g01-039-s01-02
g01-039-s02-00
g01-039-s02-01
g01-039-s02-02
g01-039-s02-03
g01-039-s02-04
g01-039-s02-05
g01-043-s00-00
g01-043-s00-01
g01-043-s00-02
g01-043-s00-03
g01-043-s00-04
g01-043-s00-05
g01-043-s00-06
g01-043-s00-07
g01-043-s00-08
g01-043-s00-09
g01-045-s00-00
g01-045-s00-01
g01-045-s00-02
g01-045-s00-03
g01-045-s01-00
g01-045-s01-01
g01-045-s01-02
g01-045-s01-03
g01-045-s01-04
g01-045-s01-05
g01-067-s00-00
g01-067-s00-01
g01-067-s00-02
g01-067-s01-00
g01-067-s01-01
g01-067-s01-02
g01-067-s01-03
g01-067-s01-04
g01-067-s01-05
g01-067-s01-06
g01-067-s01-07
g01-070-s00-00
g01-070-s00-01
g01-070-s00-02
g01-070-s01-00
g01-070-s01-01
g01-070-s01-02
g01-070-s02-00
g01-070-s02-01
g01-070-s02-02
g01-070-s02-03
g01-074-s00-00
g01-074-s00-01
g01-074-s01-00
g01-074-s01-01
g01-074-s01-02
g01-074-s01-03
g01-074-s02-00
g01-074-s02-01
g01-074-s02-02
g01-074-s03-00
g01-074-s03-01
g01-074-s03-02
g01-083-s00-00
g01-083-s00-01
g01-083-s01-00
g01-083-s01-01
g01-083-s01-02
g01-083-s01-03
g01-083-s02-00
g01-083-s02-01
g01-083-s03-00
g01-083-s03-01
g01-083-s03-02
g01-083-s03-03
g01-083-s03-04
g01-083-s03-05
g01-088-s00-00
g01-088-s00-01
g01-088-s00-02
g01-088-s00-03
g01-088-s01-00
g01-088-s01-01
g01-088-s01-02
g01-088-s01-03
g01-088-s01-04
g01-088-s01-05
g02-059-s00-00
g02-059-s00-01
g02-059-s00-02
g02-059-s00-03
g02-059-s01-00
g02-059-s01-01
g02-059-s01-02
g02-059-s01-03
g02-059-s01-04
g02-062-s00-00
g02-062-s00-01
g02-062-s00-02
g02-062-s00-03
g02-062-s01-00
g02-062-s01-01
g02-062-s01-02
g02-062-s01-03
g02-062-s01-04
g02-062-s01-05
g02-062-s01-06
g02-065-s00-00
g02-065-s01-00
g02-065-s01-01
g02-065-s01-02
g02-065-s02-00
g02-065-s02-01
g02-065-s02-02
g02-065-s02-03
g02-065-s02-04
g02-065-s02-05
g02-065-s02-06
g02-073-s00-00
g02-073-s00-01
g02-073-s00-02
g02-073-s00-03
g02-073-s00-04
g02-073-s00-05
g03-000-s00-00
g03-000-s01-00
g03-000-s01-01
g03-000-s02-00
g03-000-s02-01
g03-000-s02-02
g03-000-s03-00
g03-000-s03-01
g03-000-s03-02
g03-000-s03-03
g03-000-s03-04
g03-004-s00-00
g03-004-s00-01
g03-004-s01-00
g03-004-s01-01
g03-004-s01-02
g03-004-s01-03
g03-004-s02-00
g03-004-s02-01
g03-016-s00-00
g03-016-s00-01
g03-016-s00-02
g03-016-s00-03
g03-016-s00-04
g03-016-s00-05
g03-016-s00-06
g03-016-s00-07
g03-016-s00-08
g03-032-s00-00
g03-032-s01-00
g03-032-s01-01
g03-032-s01-02
g03-032-s01-03
g03-032-s01-04
g03-032-s02-00
g03-032-s02-01
g03-032-s02-02
g03-040-s00-00
g03-040-s00-01
g03-040-s00-02
g03-040-s00-03
g03-040-s00-04
g03-040-s00-05
g03-040-s01-00
g03-040-s01-01
g03-040-s01-02
g03-043-s00-00
g03-043-s00-01
g03-043-s00-02
g03-043-s01-00
g03-043-s02-00
g03-043-s03-00
g03-043-s03-01
g03-043-s03-02
g03-043-s04-00
g03-043-s04-01
g03-043-s04-02
g03-043-s04-03
g03-043-s04-04
g03-049-s00-00
g03-049-s00-01
g03-049-s00-02
g03-049-s00-03
g03-049-s00-04
g03-049-s00-05
g03-049-s01-00
g03-049-s01-01
g03-049-s01-02
g03-052-s00-00
g03-052-s00-01
g03-052-s01-00
g03-052-s01-01
g03-052-s01-02
g03-052-s01-03
g03-052-s01-04
g03-052-s01-05
g03-052-s02-00
g03-052-s02-01
g03-052-s02-02
g03-052-s03-00
g03-052-s04-00
g03-052-s04-01
g03-058-s00-00
g03-058-s00-01
g03-058-s00-02
g03-058-s00-03
g03-058-s00-04
g03-058-s00-05
g03-058-s00-06
g03-058-s00-07
g03-064-s00-00
g03-064-s00-01
g03-064-s00-02
g03-064-s00-03
g03-064-s00-04
g03-064-s00-05
g03-064-s00-06
g03-064-s00-07
g04-022-s00-00
g04-022-s00-01
g04-022-s00-02
g04-022-s01-00
g04-022-s01-01
g04-022-s01-02
g04-022-s02-00
g04-022-s02-01
g04-036-s00-00
g04-036-s00-01
g04-036-s00-02
g04-036-s00-03
g04-036-s00-04
g04-036-s00-05
g04-036-s01-00
g04-036-s01-01
g04-036-s01-02
g04-039-s00-00
g04-039-s00-01
g04-039-s00-02
g04-039-s00-03
g04-039-s01-00
g04-039-s01-01
g04-039-s02-00
g04-039-s02-01
g04-039-s02-02
g04-043-s00-00
g04-043-s00-01
g04-043-s00-02
g04-043-s01-00
g04-043-s01-01
g04-043-s01-02
g04-043-s02-00
g04-043-s02-01
g04-043-s03-00
g04-043-s03-01
g04-043-s03-02
g04-048-s00-00
g04-048-s00-01
g04-048-s00-02
g04-048-s01-00
g04-048-s01-01
g04-048-s01-02
g04-048-s01-03
g04-048-s02-00
g04-048-s02-01
g04-048-s02-02
g04-052-s00-00
g04-052-s00-01
g04-052-s00-02
g04-052-s00-03
g04-052-s01-00
g04-052-s01-01
g04-052-s01-02
g04-052-s01-03
g04-055-s00-00
g04-055-s00-01
g04-055-s01-00
g04-055-s01-01
g04-055-s01-02
g04-055-s02-00
g04-055-s02-01
g04-055-s02-02
g04-055-s02-03
g04-055-s03-00
g04-055-s03-01
g04-055-s03-02
g04-060-s00-00
g04-060-s00-01
g04-060-s00-02
g04-060-s01-00
g04-060-s01-01
g04-060-s01-02
g04-060-s01-03
g04-063-s00-00
g04-063-s00-01
g04-063-s01-00
g04-063-s01-01
g04-063-s01-02
g04-063-s02-00
g04-063-s02-01
g04-063-s02-02
g04-063-s03-00
g04-063-s03-01
g04-063-s03-02
g04-063-s03-03
g04-063-s03-04
g04-068-s00-00
g04-068-s00-01
g04-068-s01-00
g04-068-s01-01
g04-068-s01-02
g04-068-s02-00
g04-068-s02-01
g04-068-s02-02
g04-068-s02-03
g04-068-s02-04
g04-068-s02-05
g04-072-s00-00
g04-072-s00-01
g04-072-s00-02
g04-072-s01-00
g04-072-s01-01
g04-072-s01-02
g04-072-s02-00
g04-072-s02-01
g04-072-s03-00
g04-072-s03-01
g04-072-s03-02
g04-072-s03-03
g07-000b-s00-00
g07-000b-s00-01
g07-000b-s00-02
g07-000b-s01-00
g07-000b-s01-01
g07-000b-s01-02
g07-000b-s01-03
g07-000b-s01-04
g07-000b-s01-05
g07-000b-s01-06
g07-000b-s01-07
g07-079a-s00-00
g07-079a-s00-01
g07-079a-s00-02
g07-079a-s00-03
g07-079a-s01-00
g07-079a-s01-01
g07-079a-s01-02
g07-079a-s01-03
g07-079a-s01-04
g07-079a-s01-05
g07-079a-s01-06
g07-079a-s01-07
g07-079a-s01-08
h01-004-s00-00
h01-004-s00-01
h01-004-s00-02
h01-004-s01-00
h01-004-s01-01
h01-004-s01-02
h01-004-s01-03
n02-104-s00-00
n02-104-s01-00
n02-104-s01-01
n02-104-s02-00
n02-104-s02-01
n02-104-s02-02
n02-104-s02-03
n02-104-s03-00
n02-104-s03-01
n02-104-s03-02
n02-104-s03-03
n02-109-s00-00
n02-109-s00-01
n02-109-s00-02
n02-109-s01-00
n02-109-s01-01
n02-109-s02-00
n02-109-s02-01
n02-109-s03-00
n02-109-s03-01
n02-114-s00-00
n02-114-s00-01
n02-114-s01-00
n02-114-s02-00
n02-114-s02-01
n02-114-s02-02
n02-114-s02-03
n02-114-s02-04
n02-114-s03-00
n02-114-s04-00
n02-114-s04-01
n02-114-s04-02
n02-114-s04-03
n02-120-s00-00
n02-120-s00-01
n02-120-s00-02
n02-120-s01-00
n02-120-s01-01
n02-120-s01-02
n02-120-s02-00
n02-120-s03-00
n02-120-s04-00
n02-120-s05-00
n02-120-s05-01
n02-127-s00-00
n02-127-s00-01
n02-127-s01-00
n02-127-s01-01
n02-127-s02-00
n02-127-s02-01
n02-127-s03-00
n02-127-s03-01
n02-127-s04-00
n02-127-s04-01
n02-127-s04-02
r03-053-s00-00
r03-053-s00-01
r03-053-s00-02
r03-053-s00-03
r03-053-s00-04
r03-053-s01-00
r03-053-s01-01
r03-053-s01-02
r03-053-s01-03
