f04-032-00
f04-032-01
f04-032-02
f04-032-03
f04-032-04
f04-032-05
f04-032-06
f04-032-07
f04-032-08
f04-035-00
f04-035-01
f04-035-02
f04-035-03
f04-035-04
f04-039-00
f04-039-01
f04-039-02
f04-039-03
f04-039-04
f04-039-05
f04-039-06
f04-039-07
f04-043-00
f04-043-01
f04-043-02
f04-043-03
f04-043-04
f04-043-05
f04-043-06
f04-043-07
f04-046-00
f04-046-01
f04-046-02
f04-046-03
f04-046-04
f04-046-05
f04-049-00
f04-049-01
f04-049-02
f04-049-03
f04-049-04
f04-049-05
f04-049-06
f04-053-00
f04-053-01
f04-053-02
f04-053-03
f04-053-04
f04-053-05
f04-053-06
f04-057-00
f04-057-01
f04-057-02
f04-057-03
f04-057-04
f04-057-05
f04-057-06
f04-057-07
f04-057-08
f04-061-00
f04-061-01
f04-061-02
f04-061-03
f04-061-04
f04-061-05
f04-061-06
f04-061-07
f04-064-00
f04-064-01
f04-064-02
f04-064-03
f04-064-04
f04-064-05
f04-064-06
f04-064-07
f04-068-00
f04-068-01
f04-068-02
f04-068-03
f04-068-04
f04-068-05
f04-068-06
f04-071-00
f04-071-01
f04-071-02
f04-071-03
f04-071-04
f04-071-05
f04-071-06
f04-071-07
f04-071-08
f04-071-09
f04-074-00
f04-074-01
f04-074-02
f04-074-03
f04-074-04
f04-074-05
f04-074-06
f04-074-07
f04-074-08
f04-074-09
f04-074-10
f04-074-11
f04-079-00
f04-079-01
f04-079-02
f04-079-03
f04-079-04
f04-079-05
f04-079-06
f04-079-07
f04-079-08
f04-079-09
f04-083-00
f04-083-01
f04-083-02
f04-083-03
f04-083-04
f04-083-05
f04-083-06
f04-083-07
f04-083-08
f04-083-09
f04-087-00
f04-087-01
f04-087-02
f04-087-03
f04-087-04
f07-000-00
f07-000-01
f07-000-02
f07-000-03
f07-000-04
f07-000-05
f07-000-06
f07-000-07
f07-000b-00
f07-000b-01
f07-000b-02
f07-000b-03
f07-000b-04
f07-000b-05
f07-000b-06
f07-002-00
f07-002-01
f07-002-02
f07-002-03
f07-002-04
f07-002-05
f07-002-06
f07-002-07
f07-002-08
f07-006-00
f07-006-01
f07-006-02
f07-006-03
f07-006-04
f07-006-05
f07-006-06
f07-009-00
f07-009-01
f07-009-02
f07-009-03
f07-009-04
f07-009-05
f07-009-06
f07-009-07
f07-009-08
f07-009-09
f07-013-00
f07-013-01
f07-013-02
f07-013-03
f07-013-04
f07-013-05
f07-013-06
f07-013-07
f07-013-08
f07-013-09
f07-013-10
f07-016-00
f07-016-01
f07-016-02
f07-016-03
f07-016-04
f07-016-05
f07-016-06
f07-016-07
f07-016-08
f07-016-09
f07-016-10
f07-019a-00
f07-019a-01
f07-019a-02
f07-019a-03
f07-019a-04
f07-019a-05
f07-019a-06
f07-019a-07
f07-019b-00
f07-019b-01
f07-019b-02
f07-019b-03
f07-019b-04
f07-019b-05
f07-019b-06
f07-019b-07
f07-019b-08
f07-019b-09
f07-019b-10
f07-021a-00
f07-021a-01
f07-021a-02
f07-021a-03
f07-021a-04
f07-021a-05
f07-021a-06
f07-021b-00
f07-021b-01
f07-021b-02
f07-021b-03
f07-021b-04
f07-021b-05
f07-021b-06
f07-021b-07
f07-021b-08
f07-021b-09
f07-024a-00
f07-024a-01
f07-024a-02
f07-024a-03
f07-024a-04
f07-024a-05
f07-024a-06
f07-024a-07
f07-024b-00
f07-024b-01
f07-024b-02
f07-024b-03
f07-024b-04
f07-024b-05
f07-024b-06
f07-024b-07
f07-024b-08
f07-024b-09
f07-028a-00
f07-028a-01
f07-028a-02
f07-028a-03
f07-028a-04
f07-028a-05
f07-028a-06
f07-028a-07
f07-028a-08
f07-028b-00
f07-028b-01
f07-028b-02
f07-028b-03
f07-028b-04
f07-028b-05
f07-028b-06
f07-028b-07
f07-028b-08
f07-028b-09
f07-028b-10
f07-028b-11
f07-032a-00
f07-032a-01
f07-032a-02
f07-032a-03
f07-032a-04
f07-032a-05
f07-032a-06
f07-032a-07
f07-032a-08
f07-032a-09
f07-032b-00
f07-032b-01
f07-032b-02
f07-032b-03
f07-032b-04
f07-032b-05
f07-032b-06
f07-032b-07
f07-032b-08
f07-032b-09
f07-032b-10
f07-032b-11
f07-036-00
f07-036-01
f07-036-02
f07-036-03
f07-036-04
f07-036-05
f07-036-06
f07-036-07
f07-039a-00
f07-039a-01
f07-039a-02
f07-039a-03
f07-039a-04
f07-039a-05
f07-039a-06
f07-039b-00
f07-039b-01
f07-039b-02
f07-039b-03
f07-039b-04
f07-039b-05
f07-039b-06
f07-039b-07
f07-039b-08
f07-042a-00
f07-042a-01
f07-042a-02
f07-042a-03
f07-042a-04
f07-042a-05
f07-042a-06
f07-042a-07
f07-042b-00
f07-042b-01
f07-042b-02
f07-042b-03
f07-042b-04
f07-042b-05
f07-042b-06
f07-042b-07
f07-046a-00
f07-046a-01
f07-046a-02
f07-046a-03
f07-046a-04
f07-046a-05
f07-046a-06
f07-046a-07
f07-046a-08
f07-046a-09
f07-046b-00
f07-046b-01
f07-046b-02
f07-046b-03
f07-046b-04
f07-046b-05
f07-046b-06
f07-046b-07
f07-046b-08
f07-069-00
f07-069-01
f07-069-02
f07-069-03
f07-069-04
f07-069-05
f07-069-06
f07-069-07
f07-069-08
f07-069-09
f07-073-00
f07-073-01
f07-073-02
f07-073-03
f07-073-04
f07-073-05
f07-073-06
f07-073-07
f07-073-08
f07-073-09
f07-076a-00
f07-076a-01
f07-076a-02
f07-076a-03
f07-076a-04
f07-076a-05
f07-076a-06
f07-076a-07
f07-076a-08
f07-076a-09
f07-076a-10
f07-081a-00
f07-081a-01
f07-081a-02
f07-081a-03
f07-081a-04
f07-081a-05
f07-081a-06
f07-081a-07
f07-081a-08
f07-081a-09
f07-081b-00
f07-081b-01
f07-081b-02
f07-081b-03
f07-081b-04
f07-081b-05
f07-081b-06
f07-084a-00
f07-084a-01
f07-084a-02
f07-084a-03
f07-084a-04
f07-084a-05
f07-084a-06
f07-084a-07
f07-084a-08
f07-084a-09
f07-084a-10
f07-084b-00
f07-084b-01
f07-084b-02
f07-084b-03
f07-084b-04
f07-084b-05
f07-084b-06
f07-084b-07
f07-084b-08
f07-088a-00
f07-088a-01
f07-088a-02
f07-088a-03
f07-088a-04
f07-088a-05
f07-088a-06
f07-088a-07
f07-088a-08
f07-088b-00
f07-088b-01
f07-088b-02
f07-088b-03
f07-088b-04
f07-088b-05
f07-092a-00
f07-092a-01
f07-092a-02
f07-092a-03
f07-092a-04
f07-092a-05
f07-092a-06
f07-092a-07
f07-092a-08
f07-092b-00
f07-092b-01
f07-092b-02
f07-092b-03
f07-092b-04
f07-092b-05
f07-096-00
f07-096-01
f07-096-02
f07-096-03
f07-096-04
f07-096-05
f07-101b-00
f07-101b-01
f07-101b-02
f07-101b-03
f07-101b-04
g01-004-00
g01-004-01
g01-004-02
g01-004-03
g01-004-04
g01-004-05
g01-008-00
g01-008-01
g01-008-02
g01-008-03
g01-008-04
g01-008-05
g01-008-06
g01-008-07
g01-008-08
g01-012-00
g01-012-01
g01-012-02
g01-012-03
g01-012-04
g01-012-05
g01-016-00
g01-016-01
g01-016-02
g01-016-03
g01-016-04
g01-016-05
g01-016-06
g01-016-07
g01-019-00
g01-019-01
g01-019-02
g01-019-03
g01-019-04
g01-019-05
g01-019-06
g01-019-07
g01-019-08
g01-019-09
g01-025-00
g01-025-01
g01-025-02
g01-025-03
g01-025-04
g01-025-05
g01-025-06
g01-025-07
g01-025-08
g01-025-09
g01-027-00
g01-027-01
g01-027-02
g01-027-03
g01-027-04
g01-027-05
g01-027-06
g01-027-07
g01-027-08
g01-027-09
g01-031-00
g01-031-01
g01-031-02
g01-031-03
g01-031-04
g01-031-05
g01-031-06
g01-031-07
g01-031-08
g01-031-09
g01-031-10
g01-034-00
g01-034-01
g01-034-02
g01-034-03
g01-034-04
g01-034-05
g01-034-06
g01-034-07
g01-034-08
g01-037-00
g01-037-01
g01-037-02
g01-037-03
g01-037-04
g01-037-05
g01-037-06
g01-037-07
g01-037-08
g01-037-09
g01-039-00
g01-039-01
g01-039-02
g01-039-03
g01-039-04
g01-039-05
g01-039-06
g01-039-07
g01-039-08
g01-039-09
g01-043-00
g01-043-01
g01-043-02
g01-043-03
g01-043-04
g01-043-05
g01-043-06
g01-043-07
g01-043-08
g01-043-09
g01-045-00
g01-045-01
g01-045-02
g01-045-03
g01-045-04
g01-045-05
g01-045-06
g01-045-07
g01-045-08
g01-045-09
g01-067-00
g01-067-01
g01-067-02
g01-067-03
g01-067-04
g01-067-05
g01-067-06
g01-067-07
g01-067-08
g01-067-09
g01-070-00
g01-070-01
g01-070-02
g01-070-03
g01-070-04
g01-070-05
g01-070-06
g01-070-07
g01-070-08
g01-070-09
g01-074-00
g01-074-01
g01-074-02
g01-074-03
g01-074-04
g01-074-05
g01-074-06
g01-074-07
g01-074-08
g01-074-09
g01-083-00
g01-083-01
g01-083-02
g01-083-03
g01-083-04
g01-083-05
g01-083-06
g01-083-07
g01-083-08
g01-083-09
g01-083-10
g01-088-00
g01-088-01
g01-088-02
g01-088-03
g01-088-04
g01-088-05
g01-088-06
g01-088-07
g01-088-08
g01-088-09
g02-059-00
g02-059-01
g02-059-02
g02-059-03
g02-059-04
g02-059-05
g02-059-06
g02-059-07
g02-062-00
g02-062-01
g02-062-02
g02-062-03
g02-062-04
g02-062-05
g02-062-06
g02-062-07
g02-062-08
g02-065-00
g02-065-01
g02-065-02
g02-065-03
g02-065-04
g02-065-05
g02-065-06
g02-065-07
g02-065-08
g02-065-09
g02-073-00
g02-073-01
g02-073-02
g02-073-03
g02-073-04
g02-073-05
g03-000-01
g03-000-02
g03-000-03
g03-000-04
g03-000-05
g03-000-06
g03-000-07
g03-000-08
g03-004-00
g03-004-01
g03-004-02
g03-004-03
g03-004-04
g03-004-05
g03-016-00
g03-016-01
g03-016-02
g03-016-03
g03-016-04
g03-016-05
g03-016-06
g03-016-07
g03-032-00
g03-032-01
g03-032-02
g03-032-03
g03-032-04
g03-032-05
g03-032-06
g03-032-07
g03-040-00
g03-040-01
g03-040-02
g03-040-03
g03-040-04
g03-040-05
g03-040-06
g03-043-00
g03-043-01
g03-043-02
g03-043-03
g03-043-04
g03-043-05
g03-043-06
g03-043-07
g03-043-08
g03-043-09
g03-043-10
g03-049-00
g03-049-01
g03-049-02
g03-049-03
g03-049-04
g03-049-05
g03-049-06
g03-049-07
g03-052-00
g03-052-01
g03-052-02
g03-052-03
g03-052-04
g03-052-05
g03-052-06
g03-052-07
g03-052-08
g03-052-09
g03-052-10
g03-058-00
g03-058-01
g03-058-02
g03-058-03
g03-058-04
g03-058-05
g03-058-06
g03-064-00
g03-064-01
g03-064-02
g03-064-03
g03-064-04
g03-064-05
g03-064-06
g03-064-07
g04-022-00
g04-022-01
g04-022-02
g04-022-03
g04-022-04
g04-022-05
g04-022-06
g04-036-00
g04-036-01
g04-036-02
g04-036-03
g04-036-04
g04-036-05
g04-036-06
g04-039-00
g04-039-01
g04-039-02
g04-039-03
g04-039-04
g04-039-05
g04-039-06
g04-043-00
g04-043-01
g04-043-02
g04-043-03
g04-043-04
g04-043-05
g04-043-06
g04-043-07
g04-048-00
g04-048-01
g04-048-02
g04-048-03
g04-048-04
g04-048-05
g04-048-06
g04-052-00
g04-052-01
g04-052-02
g04-052-03
g04-052-04
g04-052-05
g04-055-00
g04-055-01
g04-055-02
g04-055-03
g04-055-04
g04-055-05
g04-055-06
g04-055-07
g04-055-08
g04-060-00
g04-060-01
g04-060-02
g04-060-03
g04-060-04
g04-060-05
g04-063-00
g04-063-01
g04-063-02
g04-063-03
g04-063-04
g04-063-05
g04-063-06
g04-063-07
g04-063-08
g04-068-00
g04-068-01
g04-068-02
g04-068-03
g04-068-04
g04-068-05
g04-068-06
g04-068-07
g04-068-08
g04-068-09
g04-072-00
g04-072-01
g04-072-02
g04-072-03
g04-072-04
g04-072-05
g04-072-06
g04-072-07
g07-000b-00
g07-000b-01
g07-000b-02
g07-000b-03
g07-000b-04
g07-000b-05
g07-000b-06
g07-000b-07
g07-000b-08
g07-079a-00
g07-079a-01
g07-079a-02
g07-079a-03
g07-079a-04
g07-079a-05
g07-079a-06
g07-079a-07
g07-079a-08
g07-079a-09
g07-079a-10
h01-004-00
h01-004-01
h01-004-02
h01-004-03
h01-004-04
h01-004-05
n02-104-00
n02-104-01
n02-104-02
n02-104-03
n02-104-04
n02-104-05
n02-104-06
n02-109-00
n02-109-01
n02-109-02
n02-109-03
n02-109-04
n02-109-05
n02-109-06
n02-109-07
n02-114-00
n02-114-01
n02-114-02
n02-114-03
n02-114-04
n02-114-05
n02-114-06
n02-114-07
n02-114-08
n02-120-00
n02-120-01
n02-120-02
n02-120-03
n02-120-04
n02-120-05
n02-120-06
n02-127-00
n02-127-01
n02-127-02
n02-127-03
n02-127-04
n02-127-05
n02-127-06
n02-127-07
r03-053-00
r03-053-01
r03-053-02
r03-053-03
r03-053-04
r03-053-05
r03-053-06
r03-053-07
r03-053-08
