f04-032
f04-035
f04-039
f04-043
f04-046
f04-049
f04-053
f04-057
f04-061
f04-064
f04-068
f04-071
f04-074
f04-079
f04-083
f04-087
f07-000
f07-000b
f07-002
f07-006
f07-009
f07-013
f07-016
f07-019a
f07-019b
f07-021a
f07-021b
f07-024a
f07-024b
f07-028a
f07-028b
f07-032a
f07-032b
f07-036
f07-039a
f07-039b
f07-042a
f07-042b
f07-046a
f07-046b
f07-069
f07-073
f07-076a
f07-081a
f07-081b
f07-084a
f07-084b
f07-088a
f07-088b
f07-092a
f07-092b
f07-096
f07-101b
g01-004
g01-008
g01-012
g01-016
g01-019
g01-025
g01-027
g01-031
g01-034
g01-037
g01-039
g01-043
g01-045
g01-067
g01-070
g01-074
g01-083
g01-088
g02-059
g02-062
g02-065
g02-073
g03-000
g03-004
g03-016
g03-032
g03-040
g03-043
g03-049
g03-052
g03-058
g03-064
g04-022
g04-036
g04-039
g04-043
g04-048
g04-052
g04-055
g04-060
g04-063
g04-068
g04-072
g07-000b
g07-079a
h01-004
n02-104
n02-109
n02-114
n02-120
n02-127
r03-053
