c04-156-s00-00
c04-156-s00-01
c04-156-s01-00
c04-156-s01-01
c04-156-s01-02
c04-156-s02-00
c04-156-s02-01
c04-156-s02-02
c04-156-s02-03
c06-083-s00-00
c06-083-s00-01
c06-083-s00-02
c06-083-s01-00
c06-083-s01-01
c06-083-s01-02
c06-083-s02-00
c06-083-s02-01
c06-083-s02-02
c06-083-s02-03
d01-024-s00-00
d01-024-s00-01
d01-024-s00-02
d01-024-s00-03
d01-024-s00-04
d01-024-s00-05
d01-024-s01-00
d01-024-s01-01
d01-024-s01-02
d01-024-s02-00
d01-056-s00-00
d01-056-s00-01
d01-056-s01-00
d01-056-s01-01
d01-056-s01-02
d01-056-s01-03
d01-056-s01-04
d01-056-s01-05
d01-056-s02-00
d01-056-s02-01
d01-056-s02-02
d01-056-s02-03
d01-060-s00-00
d01-060-s00-01
d01-060-s00-02
d01-060-s01-00
d01-060-s01-01
d01-060-s01-02
d01-060-s01-03
d01-060-s01-04
d01-060-s01-05
d01-060-s02-00
d01-060-s02-01
d03-112-s00-00
d03-112-s00-01
d03-112-s01-00
d03-112-s01-01
d03-112-s01-02
d03-112-s02-00
d03-112-s02-01
d03-112-s02-02
d03-112-s03-00
d03-112-s03-01
d04-005-s00-00
d04-005-s00-01
d04-005-s00-02
d04-005-s00-03
d04-005-s00-04
d04-005-s01-00
d04-005-s01-01
d04-005-s01-02
d04-005-s01-03
d04-008-s00-00
d04-008-s00-01
d04-008-s00-02
d04-008-s01-00
d04-008-s01-01
d04-008-s02-00
d04-008-s02-01
d04-008-s02-02
d04-071-s00-00
d04-071-s00-01
d04-071-s01-00
d04-071-s01-01
d04-071-s01-02
d04-071-s01-03
d04-071-s02-00
d04-071-s02-01
d04-071-s02-02
d04-075-s00-00
d04-075-s00-01
d04-075-s01-00
d04-075-s01-01
d04-075-s01-02
d04-075-s01-03
d04-075-s02-00
d04-075-s02-01
d04-075-s03-00
d04-075-s03-01
d04-075-s04-00
d04-075-s04-01
d04-075-s04-02
d04-075-s04-03
d04-081-s00-00
d04-081-s01-00
d04-081-s01-01
d04-081-s01-02
d04-081-s02-00
d04-081-s03-00
d04-081-s03-01
d04-081-s03-02
d04-081-s03-03
d04-081-s03-04
d04-081-s03-05
d04-117-s00-00
d04-117-s01-00
d04-117-s01-01
d04-117-s01-02
d04-117-s01-03
d04-117-s01-04
d04-117-s01-05
d04-117-s02-00
d04-117-s02-01
d04-117-s02-02
d04-121-s00-00
d04-121-s00-01
d04-121-s01-00
d04-121-s01-01
d04-121-s01-02
d04-121-s01-03
d04-121-s02-00
d04-121-s02-01
d04-121-s02-02
d06-000-s00-00
d06-000-s00-01
d06-000-s00-02
d06-000-s00-03
d06-000-s01-00
d06-000-s01-01
d06-000-s01-02
d06-000-s01-03
d06-000-s01-04
d06-000-s01-05
d06-000-s01-06
d06-015-s00-00
d06-015-s00-01
d06-015-s00-02
d06-015-s01-00
d06-015-s01-01
d06-015-s02-00
d06-015-s03-00
d06-015-s03-01
d06-030-s00-00
d06-030-s01-00
d06-030-s01-01
d06-030-s02-00
d06-030-s03-00
d06-030-s03-01
d06-030-s04-00
d06-030-s04-01
d06-030-s05-00
d06-030-s05-01
d06-030-s05-02
d06-050-s00-00
d06-050-s01-00
d06-050-s01-01
d06-050-s01-02
d06-050-s02-00
d06-050-s02-01
d06-050-s03-00
d06-050-s03-01
d06-050-s03-02
d06-050-s04-00
d06-050-s04-01
d06-082-s00-00
d06-082-s00-01
d06-082-s00-02
d06-082-s01-00
d06-082-s01-01
d06-082-s02-00
d06-082-s02-01
d06-082-s02-02
d06-091-s00-00
d06-091-s00-01
d06-091-s01-00
d06-091-s01-01
d06-091-s02-00
d06-091-s02-01
d06-091-s02-02
d06-091-s02-03
d06-091-s02-04
d06-091-s02-05
d06-091-s03-00
d06-091-s03-01
d06-091-s03-02
d06-091-s03-03
e01-014-s00-00
e01-014-s00-01
e01-014-s00-02
e01-014-s01-00
e01-014-s01-01
e01-014-s01-02
e01-014-s02-00
e01-014-s02-01
e01-014-s02-02
e01-018-s00-00
e01-018-s00-01
e01-018-s01-00
e01-018-s01-01
e01-018-s01-02
e01-018-s01-03
e01-018-s01-04
e01-018-s01-05
e01-018-s02-00
e01-018-s02-01
e01-018-s02-02
e06-006-s00-00
e06-006-s00-01
e06-006-s00-02
e06-006-s00-03
e06-006-s01-00
e06-006-s01-01
e06-006-s01-02
e06-006-s02-00
e06-006-s02-01
e06-006-s02-02
e06-006-s02-03
e06-006-s02-04
e06-006-s02-05
e06-037-s00-00
e06-037-s00-01
e06-037-s00-02
e06-037-s01-00
e06-037-s01-01
e06-037-s01-02
e06-037-s01-03
e06-037-s01-04
e06-037-s02-00
e06-037-s02-01
e06-037-s02-02
e06-037-s02-03
e06-037-s02-04
e06-041-s00-00
e06-041-s01-00
e06-041-s01-01
e06-041-s01-02
e06-041-s01-03
e06-041-s01-04
e06-041-s02-00
e06-041-s02-01
e06-041-s03-00
e06-041-s03-01
e06-041-s03-02
e06-041-s03-03
f04-046-s00-00
f04-046-s00-01
f04-046-s00-02
f04-046-s00-03
f04-046-s00-04
f04-046-s01-00
f04-046-s01-01
f04-049-s00-00
f04-049-s00-01
f04-049-s01-00
f04-049-s01-01
f04-049-s01-02
f04-049-s01-03
f04-049-s02-00
f04-049-s02-01
f04-049-s02-02
f04-093-s00-00
f04-093-s00-01
f04-093-s00-02
f04-093-s00-03
f04-093-s00-04
f04-093-s01-00
f04-093-s01-01
f04-093-s01-02
f04-093-s01-03
f04-093-s01-04
f04-096-s00-00
f04-096-s00-01
f04-096-s00-02
f04-096-s00-03
f04-096-s00-04
f04-096-s00-05
f04-096-s01-00
f04-096-s01-01
f04-096-s01-02
f04-096-s01-03
f04-096-s02-00
f04-096-s02-01
f04-096-s02-02
f04-100-s00-00
f04-100-s00-01
f04-100-s00-02
f04-100-s00-03
f04-100-s00-04
f04-100-s01-00
f04-100-s01-01
f04-100-s01-02
f04-100-s01-03
f04-100-s01-04
f04-100-s01-05
f07-028b-s00-00
f07-028b-s00-01
f07-028b-s00-02
f07-028b-s00-03
f07-028b-s00-04
f07-028b-s01-00
f07-028b-s01-01
f07-028b-s01-02
f07-028b-s01-03
f07-028b-s01-04
f07-028b-s02-00
f07-028b-s02-01
f07-028b-s02-02
f07-028b-s02-03
f07-032b-s00-00
f07-032b-s00-01
f07-032b-s00-02
f07-032b-s00-03
f07-032b-s00-04
f07-032b-s01-00
f07-032b-s01-01
f07-032b-s01-02
f07-032b-s02-00
f07-032b-s02-01
f07-032b-s02-02
f07-032b-s02-03
f07-032b-s02-04
f07-036-s00-00
f07-036-s00-01
f07-036-s00-02
f07-036-s00-03
f07-036-s00-04
f07-036-s01-00
f07-036-s01-01
f07-036-s01-02
f07-036-s01-03
f07-036-s01-04
f07-039b-s00-00
f07-039b-s00-01
f07-039b-s00-02
f07-039b-s00-03
f07-039b-s00-04
f07-039b-s00-05
f07-039b-s01-00
f07-039b-s01-01
f07-039b-s01-02
f07-039b-s01-03
f07-042b-s00-00
f07-042b-s00-01
f07-042b-s01-00
f07-042b-s01-01
f07-042b-s01-02
f07-042b-s01-03
f07-042b-s02-00
f07-042b-s02-01
f07-042b-s02-02
f07-042b-s02-03
f07-046b-s00-00
f07-046b-s00-01
f07-046b-s00-02
f07-046b-s00-03
f07-046b-s01-00
f07-046b-s02-00
f07-046b-s02-01
f07-046b-s02-02
f07-046b-s02-03
f07-046b-s02-04
g01-083-s00-00
g01-083-s00-01
g01-083-s01-00
g01-083-s01-01
g01-083-s01-02
g01-083-s01-03
g01-083-s02-00
g01-083-s02-01
g01-083-s03-00
g01-083-s03-01
g01-083-s03-02
g01-083-s03-03
g01-083-s03-04
g01-083-s03-05
g03-016-s00-00
g03-016-s00-01
g03-016-s00-02
g03-016-s00-03
g03-016-s00-04
g03-016-s00-05
g03-016-s00-06
g03-016-s00-07
g03-016-s00-08
g03-058-s00-00
g03-058-s00-01
g03-058-s00-02
g03-058-s00-03
g03-058-s00-04
g03-058-s00-05
g03-058-s00-06
g03-058-s00-07
g04-036-s00-00
g04-036-s00-01
g04-036-s00-02
g04-036-s00-03
g04-036-s00-04
g04-036-s00-05
g04-036-s01-00
g04-036-s01-01
g04-036-s01-02
g04-039-s00-00
g04-039-s00-01
g04-039-s00-02
g04-039-s00-03
g04-039-s01-00
g04-039-s01-01
g04-039-s02-00
g04-039-s02-01
g04-039-s02-02
g04-055-s00-00
g04-055-s00-01
g04-055-s01-00
g04-055-s01-01
g04-055-s01-02
g04-055-s02-00
g04-055-s02-01
g04-055-s02-02
g04-055-s02-03
g04-055-s03-00
g04-055-s03-01
g04-055-s03-02
g04-060-s00-00
g04-060-s00-01
g04-060-s00-02
g04-060-s01-00
g04-060-s01-01
g04-060-s01-02
g04-060-s01-03
g04-063-s00-00
g04-063-s00-01
g04-063-s01-00
g04-063-s01-01
g04-063-s01-02
g04-063-s02-00
g04-063-s02-01
g04-063-s02-02
g04-063-s03-00
g04-063-s03-01
g04-063-s03-02
g04-063-s03-03
g04-063-s03-04
h01-004-s00-00
h01-004-s00-01
h01-004-s00-02
h01-004-s01-00
h01-004-s01-01
h01-004-s01-02
h01-004-s01-03
m01-090-s00-00
m01-090-s00-01
m01-090-s00-02
m01-090-s01-00
m01-090-s01-01
m01-090-s01-02
m01-090-s02-00
m01-090-s02-01
m01-090-s03-00
m01-090-s03-01
m01-090-s03-02
m01-115-s00-00
m01-115-s00-01
m01-115-s01-00
m01-115-s01-01
m01-115-s01-02
m01-115-s02-00
m01-115-s02-01
m01-115-s02-02
m01-115-s03-00
m01-115-s04-00
m01-115-s04-01
m01-160-s00-00
m01-160-s00-01
m01-160-s00-02
m01-160-s01-00
m01-160-s01-01
m01-160-s01-02
m01-160-s01-03
m01-160-s01-04
m02-052-s00-00
m02-052-s00-01
m02-052-s00-02
m02-052-s00-03
m02-052-s00-04
m02-052-s01-00
m02-052-s01-01
m02-075-s00-00
m02-075-s01-00
m02-075-s01-01
m02-075-s02-00
m02-075-s02-01
m02-075-s02-02
m02-075-s02-03
m02-075-s02-04
m02-075-s03-00
m02-075-s03-01
m02-075-s03-02
m02-083-s00-00
m02-083-s00-01
m02-083-s00-02
m02-083-s01-00
m02-083-s01-01
m02-083-s02-00
m02-083-s02-01
m02-083-s02-02
m02-083-s02-03
m02-083-s02-04
m02-083-s02-05
m02-083-s02-06
m02-083-s02-07
m02-083-s02-08
m02-090-s00-00
m02-090-s00-01
m02-090-s01-00
m02-090-s02-00
m02-090-s02-01
m02-090-s02-02
m02-090-s02-03
m02-090-s03-00
m02-090-s03-01
m02-090-s03-02
m02-090-s03-03
m02-090-s03-04
m02-090-s03-05
m02-102-s00-00
m02-102-s00-01
m02-102-s00-02
m02-102-s01-00
m02-102-s01-01
m02-102-s01-02
m02-102-s01-03
m02-102-s02-00
m02-102-s02-01
m02-102-s02-02
m02-102-s02-03
m02-102-s02-04
m02-102-s02-05
m02-106-s00-00
m02-106-s00-01
m02-106-s00-02
m02-106-s00-03
m02-106-s00-04
m02-106-s00-05
m02-106-s01-00
m02-106-s01-01
m02-106-s01-02
m02-106-s01-03
m02-106-s01-04
m03-062-s00-00
m03-062-s00-01
m03-062-s00-02
m03-062-s00-03
m03-062-s00-04
m03-062-s00-05
m03-062-s00-06
m03-062-s00-07
m03-062-s00-08
m03-095-s00-00
m03-095-s00-01
m03-095-s00-02
m03-095-s01-00
m03-095-s01-01
m03-095-s01-02
m03-095-s01-03
m03-095-s01-04
m03-095-s01-05
m03-095-s01-06
m04-000-s00-00
m04-000-s00-01
m04-000-s00-02
m04-000-s01-00
m04-000-s01-01
m04-000-s02-00
m04-000-s03-00
m04-000-s03-01
m04-000-s04-00
m04-000-s04-01
m04-000-s05-00
m04-000-s05-01
m04-007-s00-00
m04-007-s01-00
m04-007-s02-00
m04-007-s02-01
m04-007-s02-02
m04-007-s03-00
m04-007-s03-01
m04-007-s03-02
m04-007-s03-03
m04-007-s03-04
m04-007-s03-05
m04-012-s00-00
m04-012-s01-00
m04-012-s01-01
m04-012-s02-00
m04-012-s02-01
m04-012-s02-02
m04-012-s03-00
m04-012-s03-01
m04-012-s04-00
m04-012-s04-01
m04-012-s04-02
m04-012-s05-00
m04-012-s05-01
m04-012-s05-02
m04-012-s05-03
m04-019-s00-00
m04-019-s00-01
m04-019-s01-00
m04-019-s01-01
m04-019-s02-00
m04-019-s02-01
m04-019-s02-02
m04-019-s03-00
m04-019-s03-01
m04-019-s03-02
m04-019-s03-03
m04-024-s00-00
m04-024-s01-00
m04-024-s01-01
m04-024-s01-02
m04-024-s01-03
m04-024-s02-00
m04-024-s03-00
m04-024-s03-01
m04-024-s03-02
m04-024-s03-03
m04-024-s04-00
m04-145-s00-00
m04-145-s00-01
m04-145-s01-00
m04-145-s01-01
m04-145-s02-00
m04-145-s02-01
m04-145-s03-00
m04-145-s03-01
m04-145-s03-02
m04-145-s03-03
m04-145-s04-00
m04-145-s05-00
m04-145-s05-01
m04-152-s00-00
m04-152-s01-00
m04-152-s02-00
m04-152-s03-00
m04-152-s03-01
m04-152-s04-00
m04-152-s05-00
m04-152-s05-01
m04-152-s06-00
m04-152-s07-00
m04-152-s08-00
m04-152-s09-00
m04-152-s09-01
m04-152-s10-00
m04-164-s00-00
m04-164-s01-00
m04-164-s02-00
m04-164-s03-00
m04-164-s04-00
m04-164-s05-00
m04-164-s06-00
m04-164-s06-01
m04-164-s07-00
m04-164-s08-00
m04-164-s08-01
m04-164-s09-00
m04-164-s10-00
m04-164-s10-01
m04-164-s11-00
m04-164-s12-00
m04-164-s12-01
m04-164-s13-00
m04-164-s14-00
m04-164-s14-01
m04-180-s00-00
m04-180-s01-00
m04-180-s02-00
m04-180-s03-00
m04-180-s03-01
m04-180-s03-02
m04-180-s04-00
m04-180-s04-01
m04-180-s05-00
m04-180-s05-01
m04-180-s06-00
m04-180-s07-00
m04-180-s08-00
m04-180-s08-01
m04-190-s00-00
m04-190-s01-00
m04-190-s02-00
m04-190-s02-01
m04-190-s03-00
m04-190-s04-00
m04-190-s04-01
m04-190-s05-00
m04-190-s05-01
m04-190-s06-00
m04-190-s06-01
m04-190-s06-02
m04-190-s07-00
m04-190-s08-00
m04-190-s08-01
m04-190-s08-02
m04-200-s00-00
m04-200-s00-01
m04-200-s01-00
m04-200-s01-01
m04-200-s02-00
m04-200-s02-01
m04-200-s03-00
m04-200-s04-00
m04-200-s04-01
m04-200-s05-00
m04-200-s06-00
m04-200-s06-01
m04-200-s07-00
m04-200-s07-01
m04-200-s07-02
m04-209-s00-00
m04-209-s01-00
m04-209-s01-01
m04-209-s02-00
m04-209-s03-00
m04-209-s03-01
m04-209-s03-02
m04-209-s03-03
m04-209-s04-00
m04-209-s04-01
m04-209-s05-00
m04-209-s05-01
m04-216-s00-00
m04-216-s01-00
m04-216-s01-01
m04-216-s01-02
m04-216-s02-00
m04-216-s02-01
m04-216-s03-00
m04-216-s03-01
m04-216-s03-02
m04-216-s04-00
m04-216-s04-01
m04-222-s00-00
m04-222-s00-01
m04-222-s01-00
m04-222-s01-01
m04-222-s02-00
m04-222-s02-01
m04-222-s03-00
m04-222-s03-01
m04-222-s04-00
m04-222-s04-01
m04-222-s05-00
m04-222-s06-00
m04-222-s07-00
m04-251-s00-00
m04-251-s01-00
m04-251-s01-01
m06-019-s00-00
m06-019-s00-01
m06-019-s01-00
m06-019-s02-00
m06-019-s02-01
m06-019-s03-00
m06-019-s04-00
m06-019-s04-01
m06-019-s05-00
m06-019-s06-00
m06-019-s07-00
m06-019-s07-01
m06-019-s08-00
m06-019-s08-01
m06-019-s09-00
m06-019-s10-00
m06-019-s10-01
n02-000-s00-00
n02-000-s00-01
n02-000-s01-00
n02-000-s01-01
n02-000-s01-02
n02-000-s01-03
n02-000-s02-00
n02-000-s02-01
n02-000-s02-02
n02-000-s02-03
n02-016-s00-00
n02-016-s01-00
n02-016-s01-01
n02-016-s02-00
n02-016-s03-00
n02-016-s03-01
n02-016-s03-02
n02-016-s04-00
n02-016-s04-01
n02-016-s05-00
n02-016-s05-01
n02-016-s06-00
n02-016-s06-01
n02-016-s06-02
n02-082a-s00-00
n02-082a-s01-00
n02-082a-s01-01
n02-082a-s02-00
n02-082a-s03-00
n02-082a-s04-00
n02-082a-s05-00
n02-082a-s05-01
n02-082a-s06-00
n02-098-s00-00
n02-098-s00-01
n02-098-s01-00
n02-098-s01-01
n02-098-s01-02
n02-098-s02-00
n02-098-s02-01
n02-098-s02-02
n02-098-s03-00
n02-098-s03-01
n02-098-s04-00
n02-098-s04-01
n03-079-s00-00
n03-079-s00-01
n03-079-s00-02
n03-079-s00-03
n03-079-s01-00
n03-079-s01-01
n03-079-s01-02
n03-079-s01-03
n03-082-s00-00
n03-082-s01-00
n03-082-s01-01
n03-082-s02-00
n03-082-s02-01
n03-082-s02-02
n03-082-s03-00
n03-082-s04-00
n03-082-s04-01
n03-082-s04-02
n03-082-s05-00
n03-082-s06-00
n03-082-s06-01
n03-082-s07-00
n03-082-s07-01
n03-091-s00-00
n03-091-s01-00
n03-091-s02-00
n03-091-s02-01
n03-091-s03-00
n03-091-s04-00
n03-091-s04-01
n03-091-s04-02
n03-091-s04-03
n03-091-s04-04
n04-015-s00-00
n04-015-s00-01
n04-015-s01-00
n04-015-s01-01
n04-015-s01-02
n04-015-s02-00
n04-015-s03-00
n04-015-s04-00
n04-015-s04-01
n04-015-s05-00
n04-015-s05-01
n04-015-s05-02
n04-022-s00-00
n04-022-s00-01
n04-022-s01-00
n04-022-s02-00
n04-022-s02-01
n04-022-s03-00
n04-022-s03-01
n04-022-s04-00
n04-022-s04-01
n04-022-s04-02
n04-022-s05-00
n04-022-s06-00
n04-022-s07-00
n04-022-s07-01
n04-031-s00-00
n04-031-s01-00
n04-031-s02-00
n04-031-s02-01
n04-031-s03-00
n04-031-s03-01
n04-031-s03-02
n04-031-s04-00
n04-031-s04-01
n04-031-s05-00
n04-031-s05-01
n04-031-s06-00
n04-031-s06-01
n04-039-s00-00
n04-039-s01-00
n04-039-s01-01
n04-039-s01-02
n04-039-s01-03
n04-039-s02-00
n04-039-s02-01
n04-039-s03-00
n04-044-s00-00
n04-044-s00-01
n04-044-s00-02
n04-044-s01-00
n04-044-s01-01
n04-044-s01-02
n04-044-s01-03
n04-044-s02-00
n04-044-s02-01
n04-044-s02-02
n04-044-s02-03
n04-044-s02-04
n04-171-s00-00
n04-171-s01-00
n04-171-s01-01
n04-171-s01-02
n04-171-s02-00
n04-171-s03-00
n04-171-s04-00
n04-171-s05-00
n04-171-s06-00
n04-171-s07-00
n04-171-s07-01
n04-171-s08-00
n04-171-s09-00
n04-171-s10-00
n04-183-s00-00
n04-183-s01-00
n04-183-s01-01
n04-183-s01-02
n04-183-s02-00
n04-183-s02-01
n04-183-s03-00
n04-183-s03-01
n04-183-s04-00
n04-183-s05-00
n04-183-s05-01
n04-190-s00-00
n04-190-s00-01
n04-190-s01-00
n04-190-s02-00
n04-190-s02-01
n04-190-s03-00
n04-190-s03-01
n04-190-s03-02
n04-190-s03-03
n04-195-s00-00
n04-195-s01-00
n04-195-s01-01
n04-195-s02-00
n04-195-s02-01
n04-195-s03-00
n04-195-s03-01
n04-195-s04-00
n04-195-s04-01
n04-195-s05-00
n04-195-s05-01
n06-148-s00-00
n06-148-s00-01
n06-148-s01-00
n06-148-s02-00
n06-148-s02-01
n06-148-s02-02
n06-148-s03-00
n06-148-s03-01
n06-148-s04-00
n06-148-s04-01
n06-148-s05-00
n06-148-s05-01
n06-148-s06-00
n06-148-s06-01
n06-156-s00-00
n06-156-s01-00
n06-156-s01-01
n06-156-s01-02
n06-156-s02-00
n06-156-s03-00
n06-156-s03-01
n06-156-s04-00
n06-156-s04-01
n06-156-s05-00
n06-156-s05-01
n06-163-s00-00
n06-163-s00-01
n06-163-s01-00
n06-163-s01-01
n06-163-s01-02
n06-163-s02-00
n06-163-s02-01
n06-163-s02-02
n06-163-s03-00
n06-163-s03-01
n06-163-s04-00
n06-163-s04-01
n06-163-s04-02
n06-163-s04-03
n06-169-s00-00
n06-169-s00-01
n06-169-s00-02
n06-169-s00-03
n06-169-s01-00
n06-169-s02-00
n06-169-s02-01
n06-169-s03-00
n06-169-s03-01
n06-169-s03-02
n06-169-s04-00
n06-169-s04-01
n06-169-s04-02
n06-175-s00-00
n06-175-s01-00
n06-175-s02-00
n06-175-s02-01
n06-175-s02-02
n06-175-s02-03
n06-175-s03-00
n06-175-s03-01
n06-175-s04-00
n06-175-s05-00
n06-175-s05-01
n06-175-s05-02
n06-182-s00-00
n06-182-s00-01
n06-182-s01-00
n06-182-s01-01
n06-182-s01-02
n06-182-s01-03
n06-182-s01-04
n06-182-s01-05
n06-182-s02-00
n06-182-s02-01
n06-186-s00-00
n06-186-s01-00
n06-186-s01-01
n06-186-s02-00
n06-186-s02-01
n06-186-s03-00
n06-186-s03-01
n06-186-s04-00
n06-186-s04-01
n06-186-s05-00
n06-186-s05-01
n06-186-s05-02
n06-186-s06-00
n06-186-s06-01
n06-194-s00-00
n06-194-s00-01
n06-194-s01-00
n06-194-s01-01
n06-194-s02-00
n06-194-s02-01
n06-194-s03-00
n06-194-s03-01
n06-194-s04-00
n06-194-s04-01
n06-194-s04-02
n06-194-s04-03
n06-194-s05-00
n06-201-s00-00
n06-201-s00-01
n06-201-s00-02
n06-201-s00-03
n06-201-s01-00
n06-201-s01-01
n06-201-s02-00
n06-201-s02-01
n06-201-s02-02
n06-201-s03-00
n06-201-s03-01
p02-017-s00-00
p02-017-s00-01
p02-017-s00-02
p02-017-s00-03
p02-017-s01-00
p02-017-s01-01
p02-017-s02-00
p02-017-s02-01
p02-017-s03-00
p02-017-s03-01
p02-121-s00-00
p02-121-s01-00
p02-121-s02-00
p02-121-s03-00
p02-121-s03-01
p02-121-s03-02
p02-121-s03-03
p02-121-s04-00
p02-121-s04-01
p02-121-s04-02
p02-127-s00-00
p02-127-s01-00
p02-127-s01-01
p02-127-s01-02
p02-127-s01-03
p02-127-s02-00
p02-127-s02-01
p02-127-s02-02
p02-127-s02-03
p02-131-s00-00
p02-131-s00-01
p02-131-s00-02
p02-131-s01-00
p02-131-s01-01
p02-131-s01-02
p02-131-s02-00
p02-131-s02-01
p02-131-s02-02
p02-131-s02-03
p02-155-s00-00
p02-155-s00-01
p03-004-s00-00
p03-004-s00-01
p03-004-s00-02
p03-004-s00-03
p03-004-s01-00
p03-004-s01-01
p03-004-s01-02
p03-004-s01-03
p03-004-s01-04
p03-004-s01-05
p03-004-s02-00
p03-004-s02-01
p03-004-s02-02
p03-004-s03-00
p03-004-s03-01
p03-009-s00-00
p03-009-s00-01
p03-009-s00-02
p03-009-s00-03
p03-009-s00-04
p03-009-s00-05
p03-009-s01-00
p03-009-s01-01
p03-057-s00-00
p03-057-s01-00
p03-057-s02-00
p03-057-s03-00
p03-057-s03-01
p03-057-s04-00
p03-057-s05-00
p03-057-s05-01
p03-057-s06-00
p03-057-s07-00
p03-057-s08-00
p03-057-s08-01
p03-057-s09-00
p03-057-s10-00
p03-057-s10-01
p03-069-s00-00
p03-069-s00-01
p03-069-s00-02
p03-069-s00-03
p03-069-s01-00
p03-069-s01-01
p03-069-s01-02
p03-087-s00-00
p03-087-s01-00
p03-087-s01-01
p03-087-s01-02
p03-087-s01-03
p03-087-s02-00
p03-087-s02-01
p03-087-s03-00
p03-087-s03-01
p03-087-s03-02
p03-087-s04-00
p03-087-s04-01
p03-087-s05-00
p03-087-s06-00
p03-087-s07-00
p03-087-s07-01
p03-087-s07-02
p03-096-s00-00
p03-096-s01-00
p03-096-s01-01
p03-096-s02-00
p03-096-s02-01
p03-096-s03-00
p03-096-s03-01
p03-096-s03-02
p03-096-s03-03
p03-096-s04-00
p03-096-s04-01
p03-096-s05-00
p03-096-s05-01
p03-096-s05-02
p03-103-s00-00
p03-103-s01-00
p03-103-s02-00
p03-103-s02-01
p03-103-s03-00
p03-103-s03-01
p03-103-s04-00
p03-103-s05-00
p03-103-s05-01
p03-103-s06-00
p03-103-s06-01
p03-103-s07-00
p03-103-s07-01
p03-112-s00-00
p03-112-s00-01
p03-112-s01-00
p03-112-s01-01
p03-112-s02-00
p03-112-s02-01
p03-112-s03-00
p03-112-s04-00
p03-112-s04-01
p03-112-s05-00
p03-112-s05-01
p03-112-s06-00
p03-112-s07-00
p03-112-s07-01
p03-112-s07-02
p03-112-s07-03
p03-121-s00-00
p03-121-s01-00
p03-121-s01-01
p03-121-s02-00
p03-121-s02-01
p03-121-s03-00
p03-121-s04-00
p03-121-s05-00
p03-121-s05-01
p03-121-s06-00
p03-121-s06-01
p03-121-s06-02
p03-121-s06-03
p03-135-s00-00
p03-135-s00-01
p03-135-s00-02
p03-135-s01-00
p03-135-s01-01
p03-135-s02-00
p03-135-s02-01
p03-135-s03-00
p03-135-s04-00
p03-135-s04-01
p03-135-s05-00
p03-135-s05-01
p03-142-s00-00
p03-142-s01-00
p03-142-s01-01
p03-142-s02-00
p03-142-s02-01
p03-142-s02-02
p03-142-s03-00
p03-142-s04-00
p03-142-s04-01
p03-142-s05-00
p03-142-s05-01
p03-142-s06-00
p03-142-s07-00
p03-142-s07-01
p03-151-s00-00
p03-151-s00-01
p03-151-s01-00
p03-151-s02-00
p03-151-s02-01
p03-151-s02-02
p03-151-s03-00
p03-151-s03-01
p03-151-s04-00
p03-151-s04-01
p03-151-s04-02
p03-151-s05-00
p03-151-s05-01
p03-158-s00-00
p03-158-s00-01
p03-158-s01-00
p03-158-s01-01
p03-158-s01-02
p03-158-s02-00
p03-158-s02-01
p03-158-s02-02
p03-158-s03-00
p03-158-s03-01
p03-158-s03-02
p03-185-s00-00
p03-185-s00-01
p03-185-s00-02
p03-185-s01-00
p03-185-s01-01
p03-185-s01-02
p03-185-s01-03
p03-185-s02-00
p03-185-s02-01
p03-185-s02-02
