c04-110-00
c04-110-01
c04-110-02
c04-110-03
c04-116-00
c04-116-01
c04-116-02
c04-116-03
c04-134-00
c04-134-01
c04-134-02
c04-134-03
c04-134-04
c04-134-05
c04-134-06
c04-139-00
c04-139-01
c04-139-02
c04-139-03
c04-139-04
c04-139-05
c04-139-06
c04-144-00
c04-144-01
c04-144-02
c04-144-03
c04-144-04
c04-144-05
c04-144-06
c04-144-07
c04-150-00
c04-150-01
c04-150-02
c04-150-03
c04-150-04
c04-150-05
c04-150-06
c04-150-07
c04-165-00
c04-165-01
c04-165-02
c04-165-03
c04-165-04
c04-165-05
c04-165-06
c04-165-07
c04-165-08
c04-170-00
c04-170-01
c04-170-02
c04-170-03
c04-170-04
c06-011-00
c06-011-01
c06-011-02
c06-011-03
c06-011-04
c06-011-05
c06-011-06
c06-011-07
c06-011-08
d01-016-00
d01-016-01
d01-016-02
d01-016-03
d01-019-00
d01-019-01
d01-019-02
d01-019-03
d01-019-04
d01-019-05
d01-049-00
d01-049-01
d01-049-02
d01-049-03
d01-049-04
d01-049-05
d01-049-06
d01-049-07
d01-049-08
d01-052-00
d01-052-01
d01-052-02
d01-052-03
d01-052-04
d01-052-05
d01-052-06
d01-052-07
d01-080-00
d01-080-01
d01-080-02
d01-080-03
d01-080-04
d01-080-05
d01-080-06
d01-080-07
d01-085-00
d01-085-01
d01-085-02
d01-085-03
d01-085-04
d01-085-05
d01-085-06
d01-098-00
d01-098-01
d01-098-02
d01-098-03
d01-098-04
d01-098-05
d01-098-06
d01-098-07
d01-104-00
d01-104-01
d01-104-02
d01-104-03
d01-104-04
d01-104-05
d01-104-06
d01-104-07
d01-104-08
d01-118-00
d01-118-01
d01-118-02
d01-118-03
d01-118-04
d01-118-05
d01-118-06
d01-123-00
d01-123-01
d01-123-02
d01-123-03
d01-123-04
d01-123-05
d01-123-06
d01-123-07
d03-117-00
d03-117-01
d03-117-02
d03-117-03
d03-117-04
d03-117-05
d03-117-06
d03-117-07
d03-117-08
d04-012-00
d04-012-01
d04-012-02
d04-012-03
d04-012-04
d04-012-05
d04-012-06
d04-012-07
d04-012-08
d04-012-09
d04-012-10
d04-016-00
d04-016-01
d04-016-02
d04-016-03
d04-016-04
d04-016-05
d04-016-06
d04-016-07
d04-016-08
d04-021-00
d04-021-01
d04-021-02
d04-021-03
d04-021-04
d04-021-05
d04-021-06
d04-021-07
d04-028-00
d04-028-01
d04-028-02
d04-028-03
d04-028-04
d04-028-05
d04-028-06
d04-032-00
d04-032-01
d04-032-02
d04-032-03
d04-032-04
d04-032-05
d04-032-06
d04-032-07
d04-032-08
d04-032-09
d04-032-10
d04-037-00
d04-037-01
d04-037-02
d04-037-03
d04-037-04
d04-037-05
d04-037-06
d04-047-00
d04-047-01
d04-047-02
d04-047-03
d04-047-04
d04-047-05
d04-047-06
d04-047-07
d04-047-08
d04-050-00
d04-050-01
d04-050-02
d04-050-03
d04-050-04
d04-050-05
d04-053-00
d04-053-01
d04-053-02
d04-053-03
d04-053-04
d04-053-05
d04-053-06
d04-053-07
d04-053-08
d04-053-09
d04-053-10
d04-058-00
d04-058-01
d04-058-02
d04-058-03
d04-058-04
d04-058-05
d04-058-06
d04-062-00
d04-062-01
d04-062-02
d04-062-03
d04-062-04
d04-066-00
d04-066-01
d04-066-02
d04-066-03
d04-066-04
d04-066-05
d04-066-06
d04-066-07
d04-066-08
d04-066-09
d04-086-00
d04-086-01
d04-086-02
d04-086-03
d04-086-04
d04-086-05
d04-086-06
d04-089-00
d04-089-01
d04-089-02
d04-089-03
d04-089-04
d04-089-05
d04-089-06
d04-089-07
d04-096-00
d04-096-01
d04-096-02
d04-096-03
d04-096-04
d04-096-05
d04-096-06
d04-096-07
d04-101-00
d04-101-01
d04-101-02
d04-101-03
d04-101-04
d04-101-05
d04-111-00
d04-111-01
d04-111-02
d04-111-03
d04-111-04
d04-111-05
d04-111-06
d04-111-07
d04-111-08
d04-111-09
d04-111-10
d04-111-11
d04-125-00
d04-125-01
d04-125-02
d04-125-03
d04-125-04
d04-125-05
d04-131-00
d04-131-01
d04-131-02
d04-131-03
d04-131-04
d04-131-05
d04-131-06
d05-008-00
d05-008-01
d05-008-02
d05-008-03
d05-008-04
d05-008-05
d05-008-06
d05-008-07
d05-013-00
d05-013-01
d05-013-02
d05-013-03
d05-013-04
d05-013-05
d05-013-06
d05-013-07
d05-013-08
d05-021-00
d05-021-01
d05-021-02
d05-021-03
d05-021-04
d05-021-05
d05-021-06
d05-021-07
d05-021-08
d05-025-00
d05-025-01
d05-025-02
d05-025-03
d05-025-04
d05-025-05
d05-025-06
d05-025-07
d05-025-08
d05-025-09
d05-030-00
d05-030-01
d05-030-02
d05-030-03
d05-030-04
d05-030-05
d05-030-06
d05-030-07
d05-030-08
d05-040-00
d05-040-01
d05-040-02
d05-040-03
d05-040-04
d05-040-05
d06-003-00
d06-003-01
d06-003-02
d06-003-03
d06-003-04
d06-003-05
d06-003-06
d06-008-00
d06-008-01
d06-008-02
d06-008-03
d06-008-04
d06-008-05
d06-008-06
d06-008-07
d06-008-08
d06-008-09
d06-011-00
d06-011-01
d06-011-02
d06-011-03
d06-011-04
d06-011-05
d06-011-06
d06-011-07
d06-011-08
d06-011-09
d06-020-00
d06-020-01
d06-020-02
d06-020-03
d06-020-04
d06-020-05
d06-020-06
d06-020-07
d06-020-08
d06-020-09
d06-025-00
d06-025-01
d06-025-02
d06-025-03
d06-025-04
d06-025-05
d06-025-06
d06-025-07
d06-027-00
d06-027-01
d06-027-02
d06-027-03
d06-027-04
d06-027-05
d06-027-06
d06-027-07
d06-037-00
d06-037-01
d06-037-02
d06-037-03
d06-037-04
d06-037-05
d06-037-06
d06-037-07
d06-041-00
d06-041-01
d06-041-02
d06-041-03
d06-041-04
d06-041-05
d06-041-06
d06-041-07
d06-046-00
d06-046-01
d06-046-02
d06-046-03
d06-046-04
d06-046-05
d06-046-06
d06-046-07
d06-046-08
d06-046-09
d06-056-00
d06-056-01
d06-056-02
d06-056-03
d06-056-04
d06-056-05
d06-056-06
d06-056-07
d06-056-08
d06-060-00
d06-060-01
d06-060-02
d06-060-03
d06-060-04
d06-060-05
d06-060-06
d06-060-07
d06-060-08
d06-060-09
d06-063-00
d06-063-01
d06-063-02
d06-063-03
d06-063-04
d06-063-05
d06-063-06
d06-063-07
d06-063-08
d06-063-09
d06-063-10
d06-067-00
d06-067-01
d06-067-02
d06-067-03
d06-067-04
d06-067-05
d06-067-06
d06-067-07
d06-067-08
d06-067-09
d06-072-00
d06-072-01
d06-072-02
d06-072-03
d06-072-04
d06-072-05
d06-072-06
d06-072-07
d06-072-08
d06-072-09
d06-072-10
d06-076-00
d06-076-01
d06-076-02
d06-076-03
d06-076-04
d06-076-05
d06-086-00
d06-086-01
d06-086-02
d06-086-03
d06-086-04
d06-086-05
d06-086-06
d06-086-07
d06-086-08
d06-086-09
d06-086-10
d06-096-00
d06-096-01
d06-096-02
d06-096-03
d06-096-04
d06-096-05
d06-096-06
d06-096-07
d06-096-08
d06-100-00
d06-100-01
d06-100-02
d06-100-03
d06-100-04
d06-100-05
d06-100-06
d06-100-07
d06-104-00
d06-104-01
d06-104-02
d06-104-03
d06-104-04
d06-104-05
d06-104-06
d06-104-07
d06-104-08
d06-104-09
d06-104-10
d06-107-00
d06-107-01
d06-107-02
d06-107-03
d06-107-04
d06-107-05
d06-107-06
d06-107-07
d06-107-08
d06-107-09
d06-107-10
d06-111-00
d06-111-01
d06-111-02
d06-111-03
d06-111-04
d06-111-05
d06-111-06
d06-113-00
d06-113-01
d06-113-02
d06-113-03
d06-113-04
d07-082-00
d07-082-01
d07-082-02
d07-082-03
d07-082-04
d07-082-05
d07-082-06
d07-082-07
d07-082-08
d07-085-00
d07-085-01
d07-085-02
d07-085-03
d07-085-04
d07-085-05
d07-085-06
d07-085-07
d07-089-00
d07-089-01
d07-089-02
d07-089-03
d07-089-04
d07-089-05
d07-089-06
d07-089-07
d07-089-08
d07-089-09
d07-089-10
d07-093-00
d07-093-01
d07-093-02
d07-093-03
d07-093-04
d07-093-05
d07-093-06
d07-093-07
d07-093-08
d07-096-00
d07-096-01
d07-096-02
d07-096-03
d07-096-04
d07-096-05
d07-096-06
d07-096-07
d07-096-08
d07-096-09
d07-100-00
d07-100-01
d07-100-02
d07-100-03
d07-100-04
d07-100-05
d07-100-06
d07-100-07
d07-100-08
d07-100-09
d07-102-00
d07-102-01
d07-102-02
d07-102-03
d07-102-04
d07-102-05
d07-102-06
d07-102-07
e01-055-00
e01-055-01
e01-055-02
e01-055-03
e01-055-04
e01-055-05
e01-055-06
e01-055-07
e01-055-08
e01-055-09
e06-000-00
e06-000-01
e06-000-02
e06-000-03
e06-000-04
e06-000-05
e06-000-06
e06-000-07
e06-003-00
e06-003-01
e06-003-02
e06-003-03
e06-003-04
e06-003-05
e06-003-06
e06-003-07
e06-003-08
e06-003-09
e06-003-10
e06-010-00
e06-010-01
e06-010-02
e06-010-03
e06-010-04
e06-010-05
e06-010-06
e06-010-07
e06-015-00
e06-015-01
e06-015-02
e06-015-03
e06-015-04
e06-015-05
e06-015-06
e06-015-07
e06-015-08
e06-015-09
e06-021-00
e06-021-01
e06-021-02
e06-021-03
e06-021-04
e06-021-05
e06-021-06
e06-021-07
e06-021-08
e06-021-09
e06-021-10
e06-026-00
e06-026-01
e06-026-02
e06-026-03
e06-026-04
e06-026-05
e06-026-06
e06-026-07
e06-026-08
e06-026-09
e06-030-00
e06-030-01
e06-030-02
e06-030-03
e06-030-04
e06-030-05
e06-030-06
e06-030-07
e06-030-08
e06-030-09
e06-030-10
e06-033-00
e06-033-01
e06-033-02
e06-033-03
e06-033-04
e06-033-05
e06-033-06
e06-033-07
e06-033-08
e06-033-09
e06-046-00
e06-046-01
e06-046-02
e06-046-03
e06-046-04
e06-046-05
e06-049-00
e06-049-01
e06-049-02
e06-049-03
e06-049-04
e06-049-05
e06-049-06
e06-049-07
e06-049-08
e06-049-09
e06-053-00
e06-053-01
e06-053-02
e06-053-03
e06-053-04
e06-053-05
e06-053-06
e06-053-07
e06-053-08
e06-070-00
e06-070-01
e06-070-02
e06-070-03
e06-070-04
e06-070-05
e06-070-06
e06-070-07
e06-070-08
e06-070-09
f04-032-00
f04-032-01
f04-032-02
f04-032-03
f04-032-04
f04-032-05
f04-032-06
f04-032-07
f04-032-08
f04-032-09
f04-035-00
f04-035-01
f04-035-02
f04-035-03
f04-035-04
f04-035-05
f04-039-00
f04-039-01
f04-039-02
f04-039-03
f04-039-04
f04-039-05
f04-039-06
f04-039-07
f04-039-08
f04-043-00
f04-043-01
f04-043-02
f04-043-03
f04-043-04
f04-043-05
f04-043-06
f04-043-07
f04-053-00
f04-053-01
f04-053-02
f04-053-03
f04-053-04
f04-053-05
f04-053-06
f04-057-00
f04-057-01
f04-057-02
f04-057-03
f04-057-04
f04-057-05
f04-057-06
f04-057-07
f04-057-08
f04-057-09
f04-061-00
f04-061-01
f04-061-02
f04-061-03
f04-061-04
f04-061-05
f04-061-06
f04-061-07
f04-064-00
f04-064-01
f04-064-02
f04-064-03
f04-064-04
f04-064-05
f04-064-06
f04-064-07
f04-064-08
f04-068-00
f04-068-01
f04-068-02
f04-068-03
f04-068-04
f04-068-05
f04-068-06
f04-068-07
f04-071-00
f04-071-01
f04-071-02
f04-071-03
f04-071-04
f04-071-05
f04-071-06
f04-071-07
f04-071-08
f04-071-09
f04-074-00
f04-074-01
f04-074-02
f04-074-03
f04-074-04
f04-074-05
f04-074-06
f04-074-07
f04-074-08
f04-074-09
f04-074-10
f04-074-11
f04-079-00
f04-079-01
f04-079-02
f04-079-03
f04-079-04
f04-079-05
f04-079-06
f04-079-07
f04-079-08
f04-079-09
f04-079-10
f04-083-00
f04-083-01
f04-083-02
f04-083-03
f04-083-04
f04-083-05
f04-083-06
f04-083-07
f04-083-08
f04-083-09
f04-087-00
f04-087-01
f04-087-02
f04-087-03
f04-087-04
f04-087-05
f07-000-00
f07-000-01
f07-000-02
f07-000-03
f07-000-04
f07-000-05
f07-000-06
f07-000-07
f07-000-08
f07-000b-00
f07-000b-01
f07-000b-02
f07-000b-03
f07-000b-04
f07-000b-05
f07-000b-06
f07-002-00
f07-002-01
f07-002-02
f07-002-03
f07-002-04
f07-002-05
f07-002-06
f07-002-07
f07-002-08
f07-006-00
f07-006-01
f07-006-02
f07-006-03
f07-006-04
f07-006-05
f07-006-06
f07-009-00
f07-009-01
f07-009-02
f07-009-03
f07-009-04
f07-009-05
f07-009-06
f07-009-07
f07-009-08
f07-009-09
f07-013-00
f07-013-01
f07-013-02
f07-013-03
f07-013-04
f07-013-05
f07-013-06
f07-013-07
f07-013-08
f07-013-09
f07-013-10
f07-016-00
f07-016-01
f07-016-02
f07-016-03
f07-016-04
f07-016-05
f07-016-06
f07-016-07
f07-016-08
f07-016-09
f07-016-10
f07-019a-00
f07-019a-01
f07-019a-02
f07-019a-03
f07-019a-04
f07-019a-05
f07-019a-06
f07-019a-07
f07-019a-08
f07-019b-00
f07-019b-01
f07-019b-02
f07-019b-03
f07-019b-04
f07-019b-05
f07-019b-06
f07-019b-07
f07-019b-08
f07-019b-09
f07-019b-10
f07-021a-00
f07-021a-01
f07-021a-02
f07-021a-03
f07-021a-04
f07-021a-05
f07-021a-06
f07-021a-07
f07-021b-00
f07-021b-01
f07-021b-02
f07-021b-03
f07-021b-04
f07-021b-05
f07-021b-06
f07-021b-07
f07-021b-08
f07-021b-09
f07-024a-00
f07-024a-01
f07-024a-02
f07-024a-03
f07-024a-04
f07-024a-05
f07-024a-06
f07-024a-07
f07-024a-08
f07-024b-00
f07-024b-01
f07-024b-02
f07-024b-03
f07-024b-04
f07-024b-05
f07-024b-06
f07-024b-07
f07-024b-08
f07-024b-09
f07-024b-10
f07-028a-00
f07-028a-01
f07-028a-02
f07-028a-03
f07-028a-04
f07-028a-05
f07-028a-06
f07-028a-07
f07-028a-08
f07-028a-09
f07-032a-00
f07-032a-01
f07-032a-02
f07-032a-03
f07-032a-04
f07-032a-05
f07-032a-06
f07-032a-07
f07-032a-08
f07-032a-09
f07-032a-10
f07-039a-00
f07-039a-01
f07-039a-02
f07-039a-03
f07-039a-04
f07-039a-05
f07-039a-06
f07-042a-00
f07-042a-01
f07-042a-02
f07-042a-03
f07-042a-04
f07-042a-05
f07-042a-06
f07-042a-07
f07-046a-00
f07-046a-01
f07-046a-02
f07-046a-03
f07-046a-04
f07-046a-05
f07-046a-06
f07-046a-07
f07-046a-08
f07-046a-09
f07-069-00
f07-069-01
f07-069-02
f07-069-03
f07-069-04
f07-069-05
f07-069-06
f07-069-07
f07-069-08
f07-069-09
f07-073-00
f07-073-01
f07-073-02
f07-073-03
f07-073-04
f07-073-05
f07-073-06
f07-073-07
f07-073-08
f07-073-09
f07-076a-00
f07-076a-01
f07-076a-02
f07-076a-03
f07-076a-04
f07-076a-05
f07-076a-06
f07-076a-07
f07-076a-08
f07-076a-09
f07-076a-10
f07-081a-00
f07-081a-01
f07-081a-02
f07-081a-03
f07-081a-04
f07-081a-05
f07-081a-06
f07-081a-07
f07-081a-08
f07-081a-09
f07-081a-10
f07-081b-00
f07-081b-01
f07-081b-02
f07-081b-03
f07-081b-04
f07-081b-05
f07-081b-06
f07-084a-00
f07-084a-01
f07-084a-02
f07-084a-03
f07-084a-04
f07-084a-05
f07-084a-06
f07-084a-07
f07-084a-08
f07-084a-09
f07-084a-10
f07-084b-00
f07-084b-01
f07-084b-02
f07-084b-03
f07-084b-04
f07-084b-05
f07-084b-06
f07-084b-07
f07-084b-08
f07-088a-00
f07-088a-01
f07-088a-02
f07-088a-03
f07-088a-04
f07-088a-05
f07-088a-06
f07-088a-07
f07-088a-08
f07-088a-09
f07-088b-00
f07-088b-01
f07-088b-02
f07-088b-03
f07-088b-04
f07-088b-05
f07-088b-06
f07-092a-00
f07-092a-01
f07-092a-02
f07-092a-03
f07-092a-04
f07-092a-05
f07-092a-06
f07-092a-07
f07-092a-08
f07-092b-00
f07-092b-01
f07-092b-02
f07-092b-03
f07-092b-04
f07-092b-05
f07-092b-06
f07-096-00
f07-096-01
f07-096-02
f07-096-03
f07-096-04
f07-096-05
f07-096-06
f07-101b-00
f07-101b-01
f07-101b-02
f07-101b-03
f07-101b-04
g01-004-00
g01-004-01
g01-004-02
g01-004-03
g01-004-04
g01-004-05
g01-008-00
g01-008-01
g01-008-02
g01-008-03
g01-008-04
g01-008-05
g01-008-06
g01-008-07
g01-008-08
g01-012-00
g01-012-01
g01-012-02
g01-012-03
g01-012-04
g01-012-05
g01-012-06
g01-016-00
g01-016-01
g01-016-02
g01-016-03
g01-016-04
g01-016-05
g01-016-06
g01-016-07
g01-019-00
g01-019-01
g01-019-02
g01-019-03
g01-019-04
g01-019-05
g01-019-06
g01-019-07
g01-019-08
g01-019-09
g01-025-00
g01-025-01
g01-025-02
g01-025-03
g01-025-04
g01-025-05
g01-025-06
g01-025-07
g01-025-08
g01-025-09
g01-027-00
g01-027-01
g01-027-02
g01-027-03
g01-027-04
g01-027-05
g01-027-06
g01-027-07
g01-027-08
g01-027-09
g01-031-00
g01-031-01
g01-031-02
g01-031-03
g01-031-04
g01-031-05
g01-031-06
g01-031-07
g01-031-08
g01-031-09
g01-031-10
g01-034-00
g01-034-01
g01-034-02
g01-034-03
g01-034-04
g01-034-05
g01-034-06
g01-034-07
g01-034-08
g01-037-00
g01-037-01
g01-037-02
g01-037-03
g01-037-04
g01-037-05
g01-037-06
g01-037-07
g01-037-08
g01-037-09
g01-039-00
g01-039-01
g01-039-02
g01-039-03
g01-039-04
g01-039-05
g01-039-06
g01-039-07
g01-039-08
g01-039-09
g01-043-00
g01-043-01
g01-043-02
g01-043-03
g01-043-04
g01-043-05
g01-043-06
g01-043-07
g01-043-08
g01-043-09
g01-045-00
g01-045-01
g01-045-02
g01-045-03
g01-045-04
g01-045-05
g01-045-06
g01-045-07
g01-045-08
g01-045-09
g01-067-00
g01-067-01
g01-067-02
g01-067-03
g01-067-04
g01-067-05
g01-067-06
g01-067-07
g01-067-08
g01-067-09
g01-070-00
g01-070-01
g01-070-02
g01-070-03
g01-070-04
g01-070-05
g01-070-06
g01-070-07
g01-070-08
g01-070-09
g01-074-00
g01-074-01
g01-074-02
g01-074-03
g01-074-04
g01-074-05
g01-074-06
g01-074-07
g01-074-08
g01-074-09
g01-088-00
g01-088-01
g01-088-02
g01-088-03
g01-088-04
g01-088-05
g01-088-06
g01-088-07
g01-088-08
g01-088-09
g02-059-00
g02-059-01
g02-059-02
g02-059-03
g02-059-04
g02-059-05
g02-059-06
g02-059-07
g02-062-00
g02-062-01
g02-062-02
g02-062-03
g02-062-04
g02-062-05
g02-062-06
g02-062-07
g02-062-08
g02-062-09
g02-065-00
g02-065-01
g02-065-02
g02-065-03
g02-065-04
g02-065-05
g02-065-06
g02-065-07
g02-065-08
g02-065-09
g02-073-00
g02-073-01
g02-073-02
g02-073-03
g02-073-04
g02-073-05
g03-000-00
g03-000-01
g03-000-02
g03-000-03
g03-000-04
g03-000-05
g03-000-06
g03-000-07
g03-000-08
g03-000-09
g03-004-00
g03-004-01
g03-004-02
g03-004-03
g03-004-04
g03-004-05
g03-032-00
g03-032-01
g03-032-02
g03-032-03
g03-032-04
g03-032-05
g03-032-06
g03-032-07
g03-040-00
g03-040-01
g03-040-02
g03-040-03
g03-040-04
g03-040-05
g03-040-06
g03-040-07
g03-043-00
g03-043-01
g03-043-02
g03-043-03
g03-043-04
g03-043-05
g03-043-06
g03-043-07
g03-043-08
g03-043-09
g03-043-10
g03-049-00
g03-049-01
g03-049-02
g03-049-03
g03-049-04
g03-049-05
g03-049-06
g03-049-07
g03-052-00
g03-052-01
g03-052-02
g03-052-03
g03-052-04
g03-052-05
g03-052-06
g03-052-07
g03-052-08
g03-052-09
g03-052-10
g03-064-00
g03-064-01
g03-064-02
g03-064-03
g03-064-04
g03-064-05
g03-064-06
g03-064-07
g04-022-00
g04-022-01
g04-022-02
g04-022-03
g04-022-04
g04-022-05
g04-022-06
g04-022-07
g04-043-00
g04-043-01
g04-043-02
g04-043-03
g04-043-04
g04-043-05
g04-043-06
g04-043-07
g04-043-08
g04-048-00
g04-048-01
g04-048-02
g04-048-03
g04-048-04
g04-048-05
g04-048-06
g04-048-07
g04-052-00
g04-052-01
g04-052-02
g04-052-03
g04-052-04
g04-052-05
g04-052-06
g04-068-00
g04-068-01
g04-068-02
g04-068-03
g04-068-04
g04-068-05
g04-068-06
g04-068-07
g04-068-08
g04-068-09
g04-072-00
g04-072-01
g04-072-02
g04-072-03
g04-072-04
g04-072-05
g04-072-06
g04-072-07
g04-072-08
g07-000b-00
g07-000b-01
g07-000b-02
g07-000b-03
g07-000b-04
g07-000b-05
g07-000b-06
g07-000b-07
g07-000b-08
g07-000b-09
g07-079a-00
g07-079a-01
g07-079a-02
g07-079a-03
g07-079a-04
g07-079a-05
g07-079a-06
g07-079a-07
g07-079a-08
g07-079a-09
g07-079a-10
g07-079a-11
m01-049-00
m01-049-01
m01-049-02
m01-049-03
m01-049-04
m01-049-05
m01-049-06
m01-049-07
m01-049-08
m01-049-09
m01-049-10
m01-049-11
m01-060-00
m01-060-01
m01-060-02
m01-060-03
m01-060-04
m01-060-05
m01-060-06
m01-060-07
m01-079-00
m01-079-01
m01-079-02
m01-079-03
m01-079-04
m01-079-05
m01-079-06
m01-084-00
m01-084-01
m01-084-02
m01-084-03
m01-084-04
m01-084-05
m01-084-06
m01-084-07
m01-095-00
m01-095-01
m01-095-02
m01-095-03
m01-095-04
m01-095-05
m01-095-06
m01-095-07
m01-104-00
m01-104-01
m01-104-02
m01-104-03
m01-104-04
m01-104-05
m01-104-06
m01-104-07
m01-110-00
m01-110-01
m01-110-02
m01-110-03
m01-110-04
m01-110-05
m01-110-06
m01-110-07
m01-110-08
m01-110-09
m01-110-10
m01-110-11
m01-121-00
m01-121-01
m01-121-02
m01-121-03
m01-121-04
m01-121-05
m01-121-06
m01-121-07
m01-121-08
m01-125-00
m01-125-01
m01-125-02
m01-125-03
m01-125-04
m01-125-05
m01-125-06
m01-125-07
m01-125-08
m01-125-09
m01-125-10
m01-131-00
m01-131-01
m01-131-02
m01-131-03
m01-131-04
m01-131-05
m01-131-06
m01-136-00
m01-136-01
m01-136-02
m01-136-03
m01-136-04
m01-136-05
m01-136-06
m01-136-07
m01-136-08
m01-136-09
m01-136-10
m01-149-00
m01-149-01
m01-149-02
m01-149-03
m01-149-04
m01-149-05
m01-149-06
m01-149-07
m02-048-00
m02-048-01
m02-048-02
m02-048-03
m02-048-04
m02-048-05
m02-048-06
m02-048-07
m02-048-08
m02-048-09
m02-048-10
m02-055-00
m02-055-01
m02-055-02
m02-055-03
m02-055-04
m02-055-05
m02-055-06
m02-055-07
m02-055-08
m02-055-09
m02-055-10
m02-059-00
m02-059-01
m02-059-02
m02-059-03
m02-059-04
m02-059-05
m02-059-06
m02-066-00
m02-066-01
m02-066-02
m02-066-03
m02-066-04
m02-066-05
m02-069-00
m02-069-01
m02-069-02
m02-069-03
m02-069-04
m02-069-05
m02-069-06
m02-069-07
m02-069-08
m02-072-00
m02-072-01
m02-072-02
m02-072-03
m02-072-04
m02-072-05
m02-072-06
m02-080-00
m02-080-01
m02-080-02
m02-080-03
m02-080-04
m02-080-05
m02-080-06
m02-080-07
m02-080-08
m02-080-09
m02-087-00
m02-087-01
m02-087-02
m02-087-03
m02-087-04
m02-087-05
m02-087-06
m02-087-07
m02-095-00
m02-095-01
m02-095-02
m02-095-03
m02-095-04
m02-095-05
m02-095-06
m02-095-07
m02-095-08
m02-095-09
m02-109-00
m02-109-01
m02-109-02
m02-109-03
m02-109-04
m02-109-05
m02-109-06
m02-109-07
m02-109-08
m02-112-00
m02-112-01
m02-112-02
m02-112-03
m02-112-04
m02-112-05
m03-006-00
m03-006-01
m03-006-02
m03-006-03
m03-006-04
m03-006-05
m03-006-06
m03-006-07
m03-006-08
m03-006-09
m03-013-00
m03-013-01
m03-013-02
m03-013-03
m03-013-04
m03-013-05
m03-013-06
m03-020-00
m03-020-01
m03-020-02
m03-020-03
m03-020-04
m03-020-05
m03-033-00
m03-033-01
m03-033-02
m03-033-03
m03-033-04
m03-033-05
m03-033-06
m03-033-07
m03-110-00
m03-110-01
m03-110-02
m03-110-03
m03-110-04
m03-110-05
m03-110-06
m03-110-07
m03-110-08
m03-110-09
m03-114-00
m03-114-01
m03-114-02
m03-114-03
m03-114-04
m03-114-05
m03-114-06
m03-114-07
m03-114-08
m03-114-09
m03-118-00
m03-118-01
m03-118-02
m03-118-03
m03-118-04
m03-118-05
m04-030-00
m04-030-01
m04-030-02
m04-030-03
m04-030-04
m04-038-00
m04-038-01
m04-038-02
m04-038-03
m04-038-04
m04-038-05
m04-043-00
m04-043-01
m04-043-02
m04-043-03
m04-043-04
m04-061-00
m04-061-01
m04-061-02
m04-061-03
m04-061-04
m04-072-00
m04-072-01
m04-072-02
m04-072-03
m04-072-04
m04-072-05
m04-072-06
m04-072-07
m04-072-08
m04-072-09
m04-072-10
m04-078-00
m04-078-01
m04-078-02
m04-078-03
m04-078-04
m04-078-05
m04-078-06
m04-078-07
m04-081-00
m04-081-01
m04-081-02
m04-081-03
m04-081-04
m04-081-05
m04-081-06
m04-081-07
m04-081-08
m04-081-09
m04-081-10
m04-093-00
m04-093-01
m04-093-02
m04-093-03
m04-093-04
m04-093-05
m04-093-06
m04-093-07
m04-093-08
m04-093-09
m04-100-00
m04-100-01
m04-100-02
m04-100-03
m04-100-04
m04-100-05
m04-100-06
m04-100-07
m04-107-00
m04-107-01
m04-107-02
m04-107-03
m04-107-04
m04-107-05
m04-107-06
m04-107-07
m04-107-08
m04-107-09
m04-107-10
m04-113-00
m04-113-01
m04-113-02
m04-113-03
m04-113-04
m04-113-05
m04-113-06
m04-113-07
m04-113-08
m04-113-09
m04-113-10
m04-123-00
m04-123-01
m04-123-02
m04-123-03
m04-123-04
m04-123-05
m04-123-06
m04-123-07
m04-123-08
m04-123-09
m04-123-10
m04-131-00
m04-131-01
m04-131-02
m04-131-03
m04-131-04
m04-131-05
m04-131-06
m04-131-07
m04-131-08
m04-138-00
m04-138-01
m04-138-02
m04-138-03
m04-138-04
m04-138-05
m04-138-06
m04-138-07
m04-138-08
m04-138-09
m04-231-00
m04-231-01
m04-231-02
m04-231-03
m04-231-04
m04-231-05
m04-231-06
m04-238-00
m04-238-01
m04-238-02
m04-238-03
m04-238-04
m04-238-05
m04-246-00
m04-246-01
m04-246-02
m04-246-03
m04-246-04
m04-246-05
m04-246-06
m06-031-00
m06-031-01
m06-031-02
m06-031-03
m06-031-04
m06-031-05
m06-031-06
m06-042-00
m06-042-01
m06-042-02
m06-042-03
m06-042-04
m06-042-05
m06-048-00
m06-048-01
m06-048-02
m06-048-03
m06-048-04
m06-048-05
m06-048-06
m06-048-07
m06-056-00
m06-056-01
m06-056-02
m06-056-03
m06-056-04
m06-056-05
m06-067-00
m06-067-01
m06-067-02
m06-067-03
m06-067-04
m06-067-05
m06-067-06
m06-076-00
m06-076-01
m06-076-02
m06-076-03
m06-076-04
m06-076-05
m06-076-06
m06-083-00
m06-083-01
m06-083-02
m06-083-03
m06-083-04
m06-083-05
m06-083-06
m06-083-07
m06-091-00
m06-091-01
m06-091-02
m06-091-03
m06-091-04
m06-091-05
m06-091-06
m06-098-00
m06-098-01
m06-098-02
m06-098-03
m06-098-04
m06-098-05
m06-098-06
m06-106-00
m06-106-01
m06-106-02
m06-106-03
m06-106-04
m06-106-05
m06-106-06
m06-106-07
m06-106-08
m06-106-09
n01-000-00
n01-000-01
n01-000-02
n01-000-03
n01-000-04
n01-000-05
n01-000-06
n01-000-07
n01-004-00
n01-004-01
n01-004-02
n01-004-03
n01-004-04
n01-004-05
n01-004-06
n01-009-00
n01-009-01
n01-009-02
n01-009-03
n01-009-04
n01-009-05
n01-009-06
n01-009-07
n01-009-08
n01-020-00
n01-020-01
n01-020-02
n01-020-03
n01-020-04
n01-020-05
n01-020-06
n01-020-07
n01-020-08
n01-020-09
n01-031-00
n01-031-01
n01-031-02
n01-031-03
n01-031-04
n01-031-05
n01-031-06
n01-031-07
n01-031-08
n01-036-00
n01-036-01
n01-036-02
n01-036-03
n01-036-04
n01-036-05
n01-045-00
n01-045-01
n01-045-02
n01-045-03
n01-045-04
n01-045-05
n01-045-06
n01-045-07
n01-045-08
n01-045-09
n01-052-00
n01-052-01
n01-052-02
n01-052-03
n01-052-04
n01-052-05
n01-052-06
n01-052-07
n01-052-08
n01-052-09
n01-052-10
n01-052-11
n01-052-12
n01-057-00
n01-057-01
n01-057-02
n01-057-03
n01-057-04
n01-057-05
n01-057-06
n01-057-07
n01-057-08
n01-057-09
n02-004-00
n02-004-01
n02-004-02
n02-004-03
n02-004-04
n02-004-05
n02-004-06
n02-004-07
n02-004-08
n02-009-00
n02-009-01
n02-009-02
n02-009-03
n02-009-04
n02-009-05
n02-009-06
n02-028-00
n02-028-01
n02-028-02
n02-028-03
n02-028-04
n02-028-05
n02-028-06
n02-028-07
n02-028-08
n02-028-09
n02-033-00
n02-033-01
n02-033-02
n02-033-03
n02-033-04
n02-033-05
n02-033-06
n02-033-07
n02-033-08
n02-033-09
n02-037-00
n02-037-01
n02-037-02
n02-037-03
n02-037-04
n02-037-05
n02-037-06
n02-037-07
n02-037-08
n02-040-00
n02-040-01
n02-040-02
n02-040-03
n02-040-04
n02-040-05
n02-040-06
n02-040-07
n02-045-00
n02-045-01
n02-045-02
n02-045-03
n02-045-04
n02-045-05
n02-045-06
n02-045-07
n02-045-08
n02-049-00
n02-049-01
n02-049-02
n02-049-03
n02-049-04
n02-049-05
n02-054-00
n02-054-01
n02-054-02
n02-054-03
n02-054-04
n02-054-05
n02-054-06
n02-054-07
n02-054-08
n02-054-09
n02-062-00
n02-062-01
n02-062-02
n02-062-03
n02-062-04
n02-062-05
n02-062-06
n02-062-07
n02-104-00
n02-104-01
n02-104-02
n02-104-03
n02-104-04
n02-104-05
n02-104-06
n02-104-07
n02-109-00
n02-109-01
n02-109-02
n02-109-03
n02-109-04
n02-109-05
n02-109-06
n02-109-07
n02-114-00
n02-114-01
n02-114-02
n02-114-03
n02-114-04
n02-114-05
n02-114-06
n02-114-07
n02-114-08
n02-114-09
n02-120-00
n02-120-01
n02-120-02
n02-120-03
n02-120-04
n02-120-05
n02-120-06
n02-120-07
n02-127-00
n02-127-01
n02-127-02
n02-127-03
n02-127-04
n02-127-05
n02-127-06
n02-127-07
n02-151-00
n02-151-01
n02-151-02
n02-151-03
n02-151-04
n02-151-05
n02-151-06
n02-151-07
n02-151-08
n02-151-09
n02-151-10
n02-154-00
n02-154-01
n02-154-02
n02-154-03
n02-154-04
n02-154-05
n02-154-06
n02-157-00
n02-157-01
n02-157-02
n02-157-03
n02-157-04
n02-157-05
n02-157-06
n02-157-07
n02-157-08
n03-038-00
n03-038-01
n03-038-02
n03-038-03
n03-038-04
n03-038-05
n03-038-06
n03-064-00
n03-064-01
n03-064-02
n03-064-03
n03-064-04
n03-064-05
n03-066-00
n03-066-01
n03-066-02
n03-066-03
n03-066-04
n03-066-05
n03-066-06
n03-066-07
n03-097-00
n03-097-01
n03-097-02
n03-097-03
n03-097-04
n03-097-05
n03-097-06
n03-097-07
n03-097-08
n03-103-00
n03-103-01
n03-103-02
n03-103-03
n03-103-04
n03-103-05
n03-103-06
n03-103-07
n03-103-08
n03-103-09
n03-106-00
n03-106-01
n03-106-02
n03-106-03
n03-106-04
n03-106-05
n03-106-06
n03-106-07
n03-106-08
n03-106-09
n03-106-10
n03-106-11
n03-113-00
n03-113-01
n03-113-02
n03-113-03
n03-113-04
n03-113-05
n03-113-06
n03-113-07
n03-113-08
n03-113-09
n03-120-00
n03-120-01
n03-120-02
n03-120-03
n03-120-04
n03-120-05
n03-120-06
n03-120-07
n03-120-08
n03-120-09
n03-126-00
n03-126-01
n03-126-02
n03-126-03
n03-126-04
n04-000-00
n04-000-01
n04-000-02
n04-000-03
n04-000-04
n04-000-05
n04-009-00
n04-009-01
n04-009-02
n04-009-03
n04-009-04
n04-009-05
n04-009-06
n04-048-00
n04-048-01
n04-048-02
n04-048-03
n04-048-04
n04-048-05
n04-048-06
n04-048-07
n04-048-08
n04-048-09
n04-052-00
n04-052-01
n04-052-02
n04-052-03
n04-052-04
n04-052-05
n04-052-06
n04-052-07
n04-052-08
n04-060-00
n04-060-01
n04-060-02
n04-060-03
n04-060-04
n04-060-05
n04-060-06
n04-068-00
n04-068-01
n04-068-02
n04-068-03
n04-068-04
n04-068-05
n04-068-06
n04-068-07
n04-075-00
n04-075-01
n04-075-02
n04-075-03
n04-075-04
n04-075-05
n04-075-06
n04-075-07
n04-084-00
n04-084-01
n04-084-02
n04-084-03
n04-084-04
n04-084-05
n04-084-06
n04-092-00
n04-092-01
n04-092-02
n04-092-03
n04-092-04
n04-092-05
n04-092-06
n04-092-07
n04-092-08
n04-100-00
n04-100-01
n04-100-02
n04-100-03
n04-100-04
n04-100-05
n04-100-06
n04-100-07
n04-107-00
n04-107-01
n04-107-02
n04-107-03
n04-107-04
n04-107-05
n04-107-06
n04-107-07
n04-107-08
n04-114-00
n04-114-01
n04-114-02
n04-114-03
n04-114-04
n04-114-05
n04-114-06
n04-114-07
n04-114-08
n04-130-00
n04-130-01
n04-130-02
n04-130-03
n04-130-04
n04-130-05
n04-139-00
n04-139-01
n04-139-02
n04-139-03
n04-139-04
n04-139-05
n04-139-06
n04-139-07
n04-139-08
n04-149-00
n04-149-01
n04-149-02
n04-149-03
n04-149-04
n04-149-05
n04-149-06
n04-149-07
n04-156-00
n04-156-01
n04-156-02
n04-156-03
n04-156-04
n04-156-05
n04-156-06
n04-156-07
n04-163-00
n04-163-01
n04-163-02
n04-163-03
n04-163-04
n04-163-05
n04-163-06
n04-163-07
n04-163-08
n04-202-00
n04-202-01
n04-202-02
n04-202-03
n04-202-04
n04-202-05
n04-202-06
n04-202-07
n04-202-08
n04-209-00
n04-209-01
n04-209-02
n04-209-03
n04-209-04
n04-209-05
n04-209-06
n04-209-07
n04-213-00
n04-213-01
n04-213-02
n04-213-03
n04-213-04
n04-213-05
n04-213-06
n04-213-07
n04-218-00
n04-218-01
n04-218-02
n04-218-03
n04-218-04
n04-218-05
n04-218-06
n04-218-07
n04-218-08
n04-218-09
n06-074-00
n06-074-01
n06-074-02
n06-074-03
n06-074-04
n06-074-05
n06-074-06
n06-082-00
n06-082-01
n06-082-02
n06-082-03
n06-082-04
n06-082-05
n06-082-06
n06-082-07
n06-092-00
n06-092-01
n06-092-02
n06-092-03
n06-092-04
n06-092-05
n06-092-06
n06-092-07
n06-092-08
n06-100-00
n06-100-01
n06-100-02
n06-100-03
n06-100-04
n06-100-05
n06-100-06
n06-100-07
n06-100-08
n06-100-09
n06-111-00
n06-111-01
n06-111-02
n06-111-03
n06-111-04
n06-111-05
n06-111-06
n06-111-07
n06-119-00
n06-119-01
n06-119-02
n06-119-03
n06-119-04
n06-119-05
n06-119-06
n06-123-00
n06-123-01
n06-123-02
n06-123-03
n06-123-04
n06-123-05
n06-123-06
n06-123-07
n06-123-08
n06-123-09
n06-123-10
n06-128-00
n06-128-01
n06-128-02
n06-128-03
n06-128-04
n06-128-05
n06-128-06
n06-128-07
n06-128-08
n06-133-00
n06-133-01
n06-133-02
n06-133-03
n06-133-04
n06-133-05
n06-133-06
n06-133-07
n06-133-08
n06-140-00
n06-140-01
n06-140-02
n06-140-03
n06-140-04
n06-140-05
n06-140-06
n06-140-07
p01-147-00
p01-147-01
p01-147-02
p01-147-03
p01-147-04
p01-147-05
p01-147-06
p01-147-07
p01-147-08
p01-147-09
p01-147-10
p01-147-11
p01-155-00
p01-155-01
p01-155-02
p01-155-03
p01-155-04
p01-155-05
p01-155-06
p01-155-07
p01-155-08
p01-155-09
p01-168-00
p01-168-01
p01-168-02
p01-168-03
p01-168-04
p01-168-05
p01-168-06
p01-168-07
p01-174-00
p01-174-01
p01-174-02
p01-174-03
p01-174-04
p01-174-05
p01-174-06
p01-174-07
p01-174-08
p02-000-00
p02-000-01
p02-000-02
p02-000-03
p02-000-04
p02-000-05
p02-000-06
p02-008-00
p02-008-01
p02-008-02
p02-008-03
p02-008-04
p02-008-05
p02-008-06
p02-008-07
p02-008-08
p02-008-09
p02-008-10
p02-022-00
p02-022-01
p02-022-02
p02-022-03
p02-022-04
p02-022-05
p02-022-06
p02-022-07
p02-022-08
p02-027-00
p02-027-01
p02-027-02
p02-027-03
p02-027-04
p02-069-00
p02-069-01
p02-069-02
p02-069-03
p02-069-04
p02-069-05
p02-069-06
p02-069-07
p02-069-08
p02-069-09
p02-076-00
p02-076-01
p02-076-02
p02-076-03
p02-076-04
p02-076-05
p02-076-06
p02-076-07
p02-076-08
p02-076-09
p02-076-10
p02-081-00
p02-081-01
p02-081-02
p02-081-03
p02-081-04
p02-081-05
p02-081-06
p02-081-07
p02-081-08
p02-081-09
p02-090-00
p02-090-01
p02-090-02
p02-090-03
p02-090-04
p02-090-05
p02-090-06
p02-090-07
p02-090-08
p02-101-00
p02-101-01
p02-101-02
p02-101-03
p02-101-04
p02-101-05
p02-101-06
p02-101-07
p02-105-00
p02-105-01
p02-105-02
p02-105-03
p02-105-04
p02-105-05
p02-105-06
p02-105-07
p02-109-00
p02-109-01
p02-109-02
p02-109-03
p02-109-04
p02-109-05
p02-109-06
p02-109-07
p02-109-08
p02-115-00
p02-115-01
p02-115-02
p02-115-03
p02-115-04
p02-115-05
p02-115-06
p02-115-07
p02-115-08
p02-135-00
p02-135-01
p02-135-02
p02-135-03
p02-135-04
p02-135-05
p02-135-06
p02-135-07
p02-135-08
p02-139-00
p02-139-01
p02-139-02
p02-139-03
p02-139-04
p02-139-05
p02-144-00
p02-144-01
p02-144-02
p02-144-03
p02-144-04
p02-144-05
p02-144-06
p02-144-07
p02-144-08
p02-144-09
p02-144-10
p02-144-11
p02-150-00
p02-150-01
p02-150-02
p02-150-03
p02-150-04
p02-150-05
p02-150-06
p02-150-07
p02-150-08
p03-012-00
p03-012-01
p03-012-02
p03-012-03
p03-012-04
p03-012-05
p03-012-06
p03-012-07
p03-012-08
p03-012-09
p03-023-00
p03-023-01
p03-023-02
p03-023-03
p03-023-04
p03-023-05
p03-027-00
p03-027-01
p03-027-02
p03-027-03
p03-027-04
p03-027-05
p03-027-06
p03-027-07
p03-029-00
p03-029-01
p03-029-02
p03-029-03
p03-029-04
p03-029-05
p03-029-06
p03-029-07
p03-029-08
p03-029-09
p03-033-00
p03-033-01
p03-033-02
p03-033-03
p03-033-04
p03-033-05
p03-040-00
p03-040-01
p03-040-02
p03-040-03
p03-040-04
p03-040-05
p03-040-06
p03-040-07
p03-040-08
p03-047-00
p03-047-01
p03-047-02
p03-047-03
p03-047-04
p03-047-05
p03-047-06
p03-047-07
p03-047-08
p03-047-09
p03-072-00
p03-072-01
p03-072-02
p03-072-03
p03-072-04
p03-072-05
p03-072-06
p03-072-07
p03-080-00
p03-080-01
p03-080-02
p03-080-03
p03-080-04
p03-080-05
p03-080-06
p03-163-00
p03-163-01
p03-163-02
p03-163-03
p03-163-04
p03-163-05
p03-163-06
p03-163-07
p03-173-00
p03-173-01
p03-173-02
p03-173-03
p03-173-04
p03-173-05
p03-173-06
p03-173-07
p03-173-08
p03-181-00
p03-181-01
p03-181-02
p03-181-03
p03-181-04
p03-181-05
p03-181-06
p03-181-07
p03-181-08
p03-181-09
p03-189-00
p03-189-01
p03-189-02
p03-189-03
p03-189-04
p06-030-00
p06-030-01
p06-030-02
p06-030-03
p06-030-04
p06-030-05
p06-030-06
p06-030-07
p06-030-08
p06-042-00
p06-042-01
p06-042-02
p06-042-03
p06-042-04
p06-042-05
p06-042-06
p06-042-07
p06-042-08
p06-042-09
p06-042-10
p06-047-00
p06-047-01
p06-047-02
p06-047-03
p06-047-04
p06-047-05
p06-047-06
p06-047-07
p06-047-08
p06-047-09
p06-047-10
p06-052-00
p06-052-01
p06-052-02
p06-052-03
p06-052-04
p06-052-05
p06-052-06
p06-052-07
p06-052-08
p06-058-00
p06-058-01
p06-058-02
p06-058-03
p06-058-04
p06-058-05
p06-058-06
p06-058-07
p06-058-08
p06-058-09
p06-058-10
p06-069-00
p06-069-01
p06-069-02
p06-069-03
p06-069-04
p06-069-05
p06-069-06
p06-069-07
p06-069-08
p06-069-09
p06-069-10
p06-088-00
p06-088-01
p06-088-02
p06-088-03
p06-088-04
p06-088-05
p06-088-06
p06-088-07
p06-088-08
p06-088-09
p06-096-00
p06-096-01
p06-096-02
p06-096-03
p06-096-04
p06-096-05
p06-096-06
p06-096-07
p06-096-08
p06-096-09
p06-096-10
p06-104-00
p06-104-01
p06-104-02
p06-104-03
p06-104-04
p06-104-05
p06-104-06
p06-104-07
p06-104-08
p06-104-09
r03-053-00
r03-053-01
r03-053-02
r03-053-03
r03-053-04
r03-053-05
r03-053-06
r03-053-07
r03-053-08
