c04-156-00
c04-156-01
c04-156-02
c04-156-03
c04-156-04
c04-156-05
c04-156-06
c06-083-00
c06-083-01
c06-083-02
c06-083-03
c06-083-04
c06-083-05
c06-083-06
c06-083-07
c06-083-08
d01-024-00
d01-024-01
d01-024-02
d01-024-03
d01-024-04
d01-024-05
d01-024-06
d01-024-07
d01-024-08
d01-056-00
d01-056-01
d01-056-02
d01-056-03
d01-056-04
d01-056-05
d01-056-06
d01-056-07
d01-056-08
d01-056-09
d01-060-00
d01-060-01
d01-060-02
d01-060-03
d01-060-04
d01-060-05
d01-060-06
d01-060-07
d01-060-08
d01-060-09
d03-112-00
d03-112-01
d03-112-02
d03-112-03
d03-112-04
d03-112-05
d03-112-06
d03-112-07
d03-112-08
d04-005-00
d04-005-01
d04-005-02
d04-005-03
d04-005-04
d04-005-05
d04-005-06
d04-005-07
d04-008-00
d04-008-01
d04-008-02
d04-008-03
d04-008-04
d04-008-05
d04-071-00
d04-071-01
d04-071-02
d04-071-03
d04-071-04
d04-071-05
d04-071-06
d04-071-07
d04-075-00
d04-075-01
d04-075-02
d04-075-03
d04-075-04
d04-075-05
d04-075-06
d04-075-07
d04-075-08
d04-075-09
d04-081-00
d04-081-01
d04-081-02
d04-081-03
d04-081-04
d04-081-05
d04-081-06
d04-081-07
d04-081-08
d04-117-00
d04-117-01
d04-117-02
d04-117-03
d04-117-04
d04-117-05
d04-117-06
d04-117-07
d04-121-00
d04-121-01
d04-121-02
d04-121-03
d04-121-04
d04-121-05
d04-121-06
d06-000-00
d06-000-01
d06-000-02
d06-000-03
d06-000-04
d06-000-05
d06-000-06
d06-000-07
d06-000-08
d06-000-09
d06-015-00
d06-015-01
d06-015-02
d06-015-03
d06-015-04
d06-015-05
d06-030-00
d06-030-01
d06-030-02
d06-030-03
d06-030-04
d06-030-05
d06-050-00
d06-050-01
d06-050-02
d06-050-03
d06-050-04
d06-050-05
d06-050-06
d06-082-00
d06-082-01
d06-082-02
d06-082-03
d06-082-04
d06-082-05
d06-091-00
d06-091-01
d06-091-02
d06-091-03
d06-091-04
d06-091-05
d06-091-06
d06-091-07
d06-091-08
d06-091-09
d06-091-10
e01-014-00
e01-014-01
e01-014-02
e01-014-03
e01-014-04
e01-014-05
e01-014-06
e01-018-00
e01-018-01
e01-018-02
e01-018-03
e01-018-04
e01-018-05
e01-018-06
e01-018-07
e01-018-08
e06-006-00
e06-006-01
e06-006-02
e06-006-03
e06-006-04
e06-006-05
e06-006-06
e06-006-07
e06-006-08
e06-006-09
e06-006-10
e06-037-00
e06-037-01
e06-037-02
e06-037-03
e06-037-04
e06-037-05
e06-037-06
e06-037-07
e06-037-08
e06-037-09
e06-037-10
e06-041-00
e06-041-01
e06-041-02
e06-041-03
e06-041-04
e06-041-05
e06-041-06
e06-041-07
e06-041-08
e06-041-09
f04-046-00
f04-046-01
f04-046-02
f04-046-03
f04-046-04
f04-046-05
f04-049-00
f04-049-01
f04-049-02
f04-049-03
f04-049-04
f04-049-05
f04-049-06
f04-093-00
f04-093-01
f04-093-02
f04-093-03
f04-093-04
f04-093-05
f04-093-06
f04-093-07
f04-093-08
f04-093-09
f04-096-00
f04-096-01
f04-096-02
f04-096-03
f04-096-04
f04-096-05
f04-096-06
f04-096-07
f04-096-08
f04-096-09
f04-096-10
f04-100-00
f04-100-01
f04-100-02
f04-100-03
f04-100-04
f04-100-05
f04-100-06
f04-100-07
f04-100-08
f04-100-09
f04-100-10
f07-028b-00
f07-028b-01
f07-028b-02
f07-028b-03
f07-028b-04
f07-028b-05
f07-028b-06
f07-028b-07
f07-028b-08
f07-028b-09
f07-028b-10
f07-028b-11
f07-032b-00
f07-032b-01
f07-032b-02
f07-032b-03
f07-032b-04
f07-032b-05
f07-032b-06
f07-032b-07
f07-032b-08
f07-032b-09
f07-032b-10
f07-032b-11
f07-036-00
f07-036-01
f07-036-02
f07-036-03
f07-036-04
f07-036-05
f07-036-06
f07-036-07
f07-036-08
f07-039b-00
f07-039b-01
f07-039b-02
f07-039b-03
f07-039b-04
f07-039b-05
f07-039b-06
f07-039b-07
f07-039b-08
f07-042b-00
f07-042b-01
f07-042b-02
f07-042b-03
f07-042b-04
f07-042b-05
f07-042b-06
f07-042b-07
f07-046b-00
f07-046b-01
f07-046b-02
f07-046b-03
f07-046b-04
f07-046b-05
f07-046b-06
f07-046b-07
f07-046b-08
g01-083-00
g01-083-01
g01-083-02
g01-083-03
g01-083-04
g01-083-05
g01-083-06
g01-083-07
g01-083-08
g01-083-09
g01-083-10
g03-016-00
g03-016-01
g03-016-02
g03-016-03
g03-016-04
g03-016-05
g03-016-06
g03-016-07
g03-016-08
g03-058-00
g03-058-01
g03-058-02
g03-058-03
g03-058-04
g03-058-05
g03-058-06
g03-058-07
g04-036-00
g04-036-01
g04-036-02
g04-036-03
g04-036-04
g04-036-05
g04-036-06
g04-036-07
g04-039-00
g04-039-01
g04-039-02
g04-039-03
g04-039-04
g04-039-05
g04-039-06
g04-039-07
g04-055-00
g04-055-01
g04-055-02
g04-055-03
g04-055-04
g04-055-05
g04-055-06
g04-055-07
g04-055-08
g04-055-09
g04-060-00
g04-060-01
g04-060-02
g04-060-03
g04-060-04
g04-060-05
g04-060-06
g04-063-00
g04-063-01
g04-063-02
g04-063-03
g04-063-04
g04-063-05
g04-063-06
g04-063-07
g04-063-08
g04-063-09
h01-004-00
h01-004-01
h01-004-02
h01-004-03
h01-004-04
h01-004-05
m01-090-00
m01-090-01
m01-090-02
m01-090-03
m01-090-04
m01-090-05
m01-090-06
m01-090-07
m01-115-00
m01-115-01
m01-115-02
m01-115-03
m01-115-04
m01-115-05
m01-115-06
m01-115-07
m01-115-08
m01-160-00
m01-160-01
m01-160-02
m01-160-03
m01-160-04
m01-160-05
m01-160-06
m02-052-00
m02-052-01
m02-052-02
m02-052-03
m02-052-04
m02-052-05
m02-052-06
m02-075-00
m02-075-01
m02-075-02
m02-075-03
m02-075-04
m02-075-05
m02-075-06
m02-075-07
m02-083-00
m02-083-01
m02-083-02
m02-083-03
m02-083-04
m02-083-05
m02-083-06
m02-083-07
m02-083-08
m02-083-09
m02-083-10
m02-083-11
m02-090-00
m02-090-01
m02-090-02
m02-090-03
m02-090-04
m02-090-05
m02-090-06
m02-090-07
m02-090-08
m02-090-09
m02-090-10
m02-102-00
m02-102-01
m02-102-02
m02-102-03
m02-102-04
m02-102-05
m02-102-06
m02-102-07
m02-102-08
m02-102-09
m02-102-10
m02-106-00
m02-106-01
m02-106-02
m02-106-03
m02-106-04
m02-106-05
m02-106-06
m02-106-07
m02-106-08
m02-106-09
m03-062-00
m03-062-01
m03-062-02
m03-062-03
m03-062-04
m03-062-05
m03-062-06
m03-062-07
m03-062-08
m03-095-00
m03-095-01
m03-095-02
m03-095-03
m03-095-04
m03-095-05
m03-095-06
m03-095-07
m03-095-08
m04-000-00
m04-000-01
m04-000-02
m04-000-03
m04-000-04
m04-000-05
m04-000-06
m04-000-07
m04-007-00
m04-007-01
m04-007-02
m04-007-03
m04-007-04
m04-007-05
m04-007-06
m04-007-07
m04-007-08
m04-007-09
m04-012-00
m04-012-01
m04-012-02
m04-012-03
m04-012-04
m04-012-05
m04-012-06
m04-012-07
m04-012-08
m04-012-09
m04-019-00
m04-019-01
m04-019-02
m04-019-03
m04-019-04
m04-019-05
m04-019-06
m04-019-07
m04-024-00
m04-024-01
m04-024-02
m04-024-03
m04-024-04
m04-024-05
m04-024-06
m04-024-07
m04-145-00
m04-145-01
m04-145-02
m04-145-03
m04-145-04
m04-145-05
m04-145-06
m04-145-07
m04-152-00
m04-152-01
m04-152-02
m04-152-03
m04-152-04
m04-152-05
m04-152-06
m04-152-07
m04-164-00
m04-164-01
m04-164-02
m04-164-03
m04-164-04
m04-164-05
m04-164-06
m04-164-07
m04-180-00
m04-180-01
m04-180-02
m04-180-03
m04-180-04
m04-180-05
m04-180-06
m04-180-07
m04-190-00
m04-190-01
m04-190-02
m04-190-03
m04-190-04
m04-190-05
m04-190-06
m04-190-07
m04-190-08
m04-190-09
m04-200-00
m04-200-01
m04-200-02
m04-200-03
m04-200-04
m04-200-05
m04-200-06
m04-200-07
m04-209-00
m04-209-01
m04-209-02
m04-209-03
m04-209-04
m04-209-05
m04-209-06
m04-216-00
m04-216-01
m04-216-02
m04-216-03
m04-216-04
m04-216-05
m04-216-06
m04-222-00
m04-222-01
m04-222-02
m04-222-03
m04-222-04
m04-222-05
m04-222-06
m04-222-07
m04-251-00
m04-251-01
m04-251-02
m06-019-00
m06-019-01
m06-019-02
m06-019-03
m06-019-04
m06-019-05
m06-019-06
m06-019-07
n02-000-00
n02-000-01
n02-000-02
n02-000-03
n02-000-04
n02-000-05
n02-000-06
n02-000-07
n02-016-00
n02-016-01
n02-016-02
n02-016-03
n02-016-04
n02-016-05
n02-016-06
n02-016-07
n02-082a-00
n02-082a-01
n02-082a-02
n02-082a-03
n02-082a-04
n02-082a-05
n02-082a-06
n02-098-00
n02-098-01
n02-098-02
n02-098-03
n02-098-04
n02-098-05
n02-098-06
n02-098-07
n03-079-00
n03-079-01
n03-079-02
n03-079-03
n03-079-04
n03-079-05
n03-079-06
n03-082-00
n03-082-01
n03-082-02
n03-082-03
n03-082-04
n03-082-05
n03-082-06
n03-082-07
n03-091-00
n03-091-01
n03-091-02
n03-091-03
n03-091-04
n03-091-05
n03-091-06
n03-091-07
n03-091-08
n04-015-00
n04-015-01
n04-015-02
n04-015-03
n04-015-04
n04-015-05
n04-015-06
n04-015-07
n04-022-00
n04-022-01
n04-022-02
n04-022-03
n04-022-04
n04-022-05
n04-022-06
n04-022-07
n04-031-00
n04-031-01
n04-031-02
n04-031-03
n04-031-04
n04-031-05
n04-031-06
n04-031-07
n04-039-00
n04-039-01
n04-039-02
n04-039-03
n04-039-04
n04-039-05
n04-044-00
n04-044-01
n04-044-02
n04-044-03
n04-044-04
n04-044-05
n04-044-06
n04-044-07
n04-044-08
n04-044-09
n04-044-10
n04-171-00
n04-171-01
n04-171-02
n04-171-03
n04-171-04
n04-171-05
n04-171-06
n04-183-00
n04-183-01
n04-183-02
n04-183-03
n04-183-04
n04-183-05
n04-183-06
n04-190-00
n04-190-01
n04-190-02
n04-190-03
n04-190-04
n04-190-05
n04-190-06
n04-195-00
n04-195-01
n04-195-02
n04-195-03
n04-195-04
n04-195-05
n06-148-00
n06-148-01
n06-148-02
n06-148-03
n06-148-04
n06-148-05
n06-148-06
n06-148-07
n06-148-08
n06-156-00
n06-156-01
n06-156-02
n06-156-03
n06-156-04
n06-156-05
n06-156-06
n06-156-07
n06-163-00
n06-163-01
n06-163-02
n06-163-03
n06-163-04
n06-163-05
n06-163-06
n06-163-07
n06-163-08
n06-163-09
n06-169-00
n06-169-01
n06-169-02
n06-169-03
n06-169-04
n06-169-05
n06-169-06
n06-169-07
n06-169-08
n06-175-00
n06-175-01
n06-175-02
n06-175-03
n06-175-04
n06-175-05
n06-175-06
n06-175-07
n06-175-08
n06-175-09
n06-182-00
n06-182-01
n06-182-02
n06-182-03
n06-182-04
n06-182-05
n06-182-06
n06-182-07
n06-186-00
n06-186-01
n06-186-02
n06-186-03
n06-186-04
n06-186-05
n06-186-06
n06-186-07
n06-194-00
n06-194-01
n06-194-02
n06-194-03
n06-194-04
n06-194-05
n06-194-06
n06-194-07
n06-201-00
n06-201-01
n06-201-02
n06-201-03
n06-201-04
n06-201-05
n06-201-06
n06-201-07
p02-017-00
p02-017-01
p02-017-02
p02-017-03
p02-017-04
p02-017-05
p02-017-06
p02-017-07
p02-121-00
p02-121-01
p02-121-02
p02-121-03
p02-121-04
p02-121-05
p02-127-00
p02-127-01
p02-127-02
p02-127-03
p02-127-04
p02-127-05
p02-127-06
p02-131-00
p02-131-01
p02-131-02
p02-131-03
p02-131-04
p02-131-05
p02-131-06
p02-131-07
p02-155-00
p02-155-01
p03-004-00
p03-004-01
p03-004-02
p03-004-03
p03-004-04
p03-004-05
p03-004-06
p03-004-07
p03-004-08
p03-004-09
p03-004-10
p03-004-11
p03-009-00
p03-009-01
p03-009-02
p03-009-03
p03-009-04
p03-009-05
p03-009-06
p03-057-00
p03-057-01
p03-057-02
p03-057-03
p03-057-04
p03-057-05
p03-057-06
p03-057-07
p03-057-08
p03-057-09
p03-069-00
p03-069-01
p03-069-02
p03-069-03
p03-069-04
p03-069-05
p03-069-06
p03-087-00
p03-087-01
p03-087-02
p03-087-03
p03-087-04
p03-087-05
p03-087-06
p03-087-07
p03-087-08
p03-087-09
p03-087-10
p03-096-00
p03-096-01
p03-096-02
p03-096-03
p03-096-04
p03-096-05
p03-096-06
p03-096-07
p03-096-08
p03-096-09
p03-103-00
p03-103-01
p03-103-02
p03-103-03
p03-103-04
p03-103-05
p03-103-06
p03-103-07
p03-112-00
p03-112-01
p03-112-02
p03-112-03
p03-112-04
p03-112-05
p03-112-06
p03-112-07
p03-112-08
p03-112-09
p03-121-00
p03-121-01
p03-121-02
p03-121-03
p03-121-04
p03-121-05
p03-121-06
p03-135-00
p03-135-01
p03-135-02
p03-135-03
p03-135-04
p03-135-05
p03-135-06
p03-142-00
p03-142-01
p03-142-02
p03-142-03
p03-142-04
p03-142-05
p03-142-06
p03-151-00
p03-151-01
p03-151-02
p03-151-03
p03-151-04
p03-151-05
p03-151-06
p03-151-07
p03-158-00
p03-158-01
p03-158-02
p03-158-03
p03-158-04
p03-158-05
p03-158-06
p03-158-07
p03-185-00
p03-185-01
p03-185-02
p03-185-03
p03-185-04
p03-185-05
p03-185-06
p03-185-07
p03-185-08
